2018-04-04 15:49:27,902 - Log4JLogChute initialized using file 'velocity.log'
2018-04-04 15:49:27,902 - Initializing Velocity, Calling init()...
2018-04-04 15:49:27,902 - Starting Apache Velocity v1.7 (compiled: 2010-11-19 12:14:37)
2018-04-04 15:49:27,902 - Default Properties File: org\apache\velocity\runtime\defaults\velocity.properties
2018-04-04 15:49:27,902 - Trying to use logger class org.apache.velocity.runtime.log.AvalonLogChute
2018-04-04 15:49:27,903 - Target log system for org.apache.velocity.runtime.log.AvalonLogChute is not available (java.lang.NoClassDefFoundError: org/apache/log/format/Formatter).  Falling back to next log system...
2018-04-04 15:49:27,903 - Trying to use logger class org.apache.velocity.runtime.log.Log4JLogChute
2018-04-04 15:49:27,903 - Using logger class org.apache.velocity.runtime.log.Log4JLogChute
2018-04-04 15:49:27,908 - ResourceLoader instantiated: org.apache.velocity.runtime.resource.loader.ClasspathResourceLoader
2018-04-04 15:49:27,930 - ResourceCache: initialized (class org.apache.velocity.runtime.resource.ResourceCacheImpl) with class java.util.Collections$SynchronizedMap cache map.
2018-04-04 15:49:27,932 - Loaded System Directive: org.apache.velocity.runtime.directive.Stop
2018-04-04 15:49:27,934 - Loaded System Directive: org.apache.velocity.runtime.directive.Define
2018-04-04 15:49:27,935 - Loaded System Directive: org.apache.velocity.runtime.directive.Break
2018-04-04 15:49:27,936 - Loaded System Directive: org.apache.velocity.runtime.directive.Evaluate
2018-04-04 15:49:27,937 - Loaded System Directive: org.apache.velocity.runtime.directive.Literal
2018-04-04 15:49:27,941 - Loaded System Directive: org.apache.velocity.runtime.directive.Macro
2018-04-04 15:49:27,945 - Loaded System Directive: org.apache.velocity.runtime.directive.Parse
2018-04-04 15:49:27,947 - Loaded System Directive: org.apache.velocity.runtime.directive.Include
2018-04-04 15:49:27,949 - Loaded System Directive: org.apache.velocity.runtime.directive.Foreach
2018-04-04 15:49:27,999 - Created '20' parsers.
2018-04-04 15:49:28,012 - Velocimacro : "velocimacro.library" is not set.  Trying default library: VM_global_library.vm
2018-04-04 15:49:28,014 - Could not load resource 'VM_global_library.vm' from ResourceLoader org.apache.velocity.runtime.resource.loader.ClasspathResourceLoader: ClasspathResourceLoader Error: cannot find resource VM_global_library.vm
2018-04-04 15:49:28,014 - Velocimacro : Default library not found.
2018-04-04 15:49:28,014 - Velocimacro : allowInline = true : VMs can be defined inline in templates
2018-04-04 15:49:28,014 - Velocimacro : allowInlineToOverride = false : VMs defined inline may NOT replace previous VM definitions
2018-04-04 15:49:28,014 - Velocimacro : allowInlineLocal = false : VMs defined inline will be global in scope if allowed.
2018-04-04 15:49:28,014 - Velocimacro : autoload off : VM system will not automatically reload global library macros
2018-04-04 15:49:28,053 - ResourceManager : found /templates/entity.java.vm with loader org.apache.velocity.runtime.resource.loader.ClasspathResourceLoader
2018-04-04 15:49:28,068 - Left side (${versionFieldName}) of '==' operation has null value. If it is a reference, it may not be in the context or its toString() returned null. /templates/entity.java.vm[line 74, column 26]
2018-04-04 15:49:28,068 - Left side (${logicDeleteFieldName}) of '==' operation has null value. If it is a reference, it may not be in the context or its toString() returned null. /templates/entity.java.vm[line 78, column 30]
2018-04-04 15:49:28,068 - Left side (${versionFieldName}) of '==' operation has null value. If it is a reference, it may not be in the context or its toString() returned null. /templates/entity.java.vm[line 74, column 26]
2018-04-04 15:49:28,068 - Left side (${logicDeleteFieldName}) of '==' operation has null value. If it is a reference, it may not be in the context or its toString() returned null. /templates/entity.java.vm[line 78, column 30]
2018-04-04 15:49:28,068 - Left side (${versionFieldName}) of '==' operation has null value. If it is a reference, it may not be in the context or its toString() returned null. /templates/entity.java.vm[line 74, column 26]
2018-04-04 15:49:28,068 - Left side (${logicDeleteFieldName}) of '==' operation has null value. If it is a reference, it may not be in the context or its toString() returned null. /templates/entity.java.vm[line 78, column 30]
2018-04-04 15:49:28,071 - Left side (${versionFieldName}) of '==' operation has null value. If it is a reference, it may not be in the context or its toString() returned null. /templates/entity.java.vm[line 74, column 26]
2018-04-04 15:49:28,071 - Left side (${logicDeleteFieldName}) of '==' operation has null value. If it is a reference, it may not be in the context or its toString() returned null. /templates/entity.java.vm[line 78, column 30]
2018-04-04 15:49:28,072 - Left side (${versionFieldName}) of '==' operation has null value. If it is a reference, it may not be in the context or its toString() returned null. /templates/entity.java.vm[line 74, column 26]
2018-04-04 15:49:28,072 - Left side (${logicDeleteFieldName}) of '==' operation has null value. If it is a reference, it may not be in the context or its toString() returned null. /templates/entity.java.vm[line 78, column 30]
2018-04-04 15:49:28,072 - Left side (${versionFieldName}) of '==' operation has null value. If it is a reference, it may not be in the context or its toString() returned null. /templates/entity.java.vm[line 74, column 26]
2018-04-04 15:49:28,072 - Left side (${logicDeleteFieldName}) of '==' operation has null value. If it is a reference, it may not be in the context or its toString() returned null. /templates/entity.java.vm[line 78, column 30]
2018-04-04 15:49:28,087 - ResourceManager : found /templates/mapper.java.vm with loader org.apache.velocity.runtime.resource.loader.ClasspathResourceLoader
2018-04-04 15:49:28,094 - ResourceManager : found /templates/mapper.xml.vm with loader org.apache.velocity.runtime.resource.loader.ClasspathResourceLoader
2018-04-04 15:49:28,151 - Log4JLogChute initialized using file 'velocity.log'
2018-04-04 15:49:28,151 - Log4JLogChute initialized using file 'velocity.log'
2018-04-04 15:49:28,152 - Initializing Velocity, Calling init()...
2018-04-04 15:49:28,152 - Initializing Velocity, Calling init()...
2018-04-04 15:49:28,152 - Starting Apache Velocity v1.7 (compiled: 2010-11-19 12:14:37)
2018-04-04 15:49:28,152 - Starting Apache Velocity v1.7 (compiled: 2010-11-19 12:14:37)
2018-04-04 15:49:28,152 - Default Properties File: org\apache\velocity\runtime\defaults\velocity.properties
2018-04-04 15:49:28,152 - Default Properties File: org\apache\velocity\runtime\defaults\velocity.properties
2018-04-04 15:49:28,152 - Trying to use logger class org.apache.velocity.runtime.log.AvalonLogChute
2018-04-04 15:49:28,152 - Trying to use logger class org.apache.velocity.runtime.log.AvalonLogChute
2018-04-04 15:49:28,152 - Target log system for org.apache.velocity.runtime.log.AvalonLogChute is not available (java.lang.NoClassDefFoundError: org/apache/log/format/Formatter).  Falling back to next log system...
2018-04-04 15:49:28,152 - Target log system for org.apache.velocity.runtime.log.AvalonLogChute is not available (java.lang.NoClassDefFoundError: org/apache/log/format/Formatter).  Falling back to next log system...
2018-04-04 15:49:28,152 - Trying to use logger class org.apache.velocity.runtime.log.Log4JLogChute
2018-04-04 15:49:28,152 - Trying to use logger class org.apache.velocity.runtime.log.Log4JLogChute
2018-04-04 15:49:28,152 - Using logger class org.apache.velocity.runtime.log.Log4JLogChute
2018-04-04 15:49:28,152 - Using logger class org.apache.velocity.runtime.log.Log4JLogChute
2018-04-04 15:49:28,154 - ResourceLoader instantiated: org.apache.velocity.runtime.resource.loader.FileResourceLoader
2018-04-04 15:49:28,154 - ResourceLoader instantiated: org.apache.velocity.runtime.resource.loader.FileResourceLoader
2018-04-04 15:49:28,155 - Do unicode file recognition:  false
2018-04-04 15:49:28,155 - Do unicode file recognition:  false
2018-04-04 15:49:28,155 - FileResourceLoader : adding path 'E:/javaProject/j4sc/j4sc-oss/j4sc-oss-dao/target/classes/template/'
2018-04-04 15:49:28,155 - FileResourceLoader : adding path 'E:/javaProject/j4sc/j4sc-oss/j4sc-oss-dao/target/classes/template/'
2018-04-04 15:49:28,155 - ResourceCache: initialized (class org.apache.velocity.runtime.resource.ResourceCacheImpl) with class java.util.Collections$SynchronizedMap cache map.
2018-04-04 15:49:28,155 - ResourceCache: initialized (class org.apache.velocity.runtime.resource.ResourceCacheImpl) with class java.util.Collections$SynchronizedMap cache map.
2018-04-04 15:49:28,156 - Loaded System Directive: org.apache.velocity.runtime.directive.Stop
2018-04-04 15:49:28,156 - Loaded System Directive: org.apache.velocity.runtime.directive.Stop
2018-04-04 15:49:28,156 - Loaded System Directive: org.apache.velocity.runtime.directive.Define
2018-04-04 15:49:28,156 - Loaded System Directive: org.apache.velocity.runtime.directive.Define
2018-04-04 15:49:28,157 - Loaded System Directive: org.apache.velocity.runtime.directive.Break
2018-04-04 15:49:28,157 - Loaded System Directive: org.apache.velocity.runtime.directive.Break
2018-04-04 15:49:28,157 - Loaded System Directive: org.apache.velocity.runtime.directive.Evaluate
2018-04-04 15:49:28,157 - Loaded System Directive: org.apache.velocity.runtime.directive.Evaluate
2018-04-04 15:49:28,157 - Loaded System Directive: org.apache.velocity.runtime.directive.Literal
2018-04-04 15:49:28,157 - Loaded System Directive: org.apache.velocity.runtime.directive.Literal
2018-04-04 15:49:28,157 - Loaded System Directive: org.apache.velocity.runtime.directive.Macro
2018-04-04 15:49:28,157 - Loaded System Directive: org.apache.velocity.runtime.directive.Macro
2018-04-04 15:49:28,157 - Loaded System Directive: org.apache.velocity.runtime.directive.Parse
2018-04-04 15:49:28,157 - Loaded System Directive: org.apache.velocity.runtime.directive.Parse
2018-04-04 15:49:28,157 - Loaded System Directive: org.apache.velocity.runtime.directive.Include
2018-04-04 15:49:28,157 - Loaded System Directive: org.apache.velocity.runtime.directive.Include
2018-04-04 15:49:28,157 - Loaded System Directive: org.apache.velocity.runtime.directive.Foreach
2018-04-04 15:49:28,157 - Loaded System Directive: org.apache.velocity.runtime.directive.Foreach
2018-04-04 15:49:28,158 - Created '20' parsers.
2018-04-04 15:49:28,158 - Created '20' parsers.
2018-04-04 15:49:28,158 - Velocimacro : "velocimacro.library" is not set.  Trying default library: VM_global_library.vm
2018-04-04 15:49:28,158 - Velocimacro : "velocimacro.library" is not set.  Trying default library: VM_global_library.vm
2018-04-04 15:49:28,158 - Velocimacro : Default library not found.
2018-04-04 15:49:28,158 - Velocimacro : Default library not found.
2018-04-04 15:49:28,158 - Velocimacro : allowInline = true : VMs can be defined inline in templates
2018-04-04 15:49:28,158 - Velocimacro : allowInline = true : VMs can be defined inline in templates
2018-04-04 15:49:28,158 - Velocimacro : allowInlineToOverride = false : VMs defined inline may NOT replace previous VM definitions
2018-04-04 15:49:28,158 - Velocimacro : allowInlineToOverride = false : VMs defined inline may NOT replace previous VM definitions
2018-04-04 15:49:28,159 - Velocimacro : allowInlineLocal = false : VMs defined inline will be global in scope if allowed.
2018-04-04 15:49:28,159 - Velocimacro : allowInlineLocal = false : VMs defined inline will be global in scope if allowed.
2018-04-04 15:49:28,159 - Velocimacro : autoload off : VM system will not automatically reload global library macros
2018-04-04 15:49:28,159 - Velocimacro : autoload off : VM system will not automatically reload global library macros
2018-04-04 15:49:28,162 - ResourceManager : found Service.vm with loader org.apache.velocity.runtime.resource.loader.FileResourceLoader
2018-04-04 15:49:28,162 - ResourceManager : found Service.vm with loader org.apache.velocity.runtime.resource.loader.FileResourceLoader
2018-04-04 15:49:28,170 - ResourceManager : found ServiceImpl.vm with loader org.apache.velocity.runtime.resource.loader.FileResourceLoader
2018-04-04 15:49:28,170 - ResourceManager : found ServiceImpl.vm with loader org.apache.velocity.runtime.resource.loader.FileResourceLoader
