#
# There is insufficient memory for the Java Runtime Environment to continue.
# Native memory allocation (malloc) failed to allocate 2429776 bytes for Chunk::new
# Possible reasons:
#   The system is out of physical RAM or swap space
#   The process is running with CompressedOops enabled, and the Java Heap may be blocking the growth of the native heap
# Possible solutions:
#   Reduce memory load on the system
#   Increase physical memory or swap space
#   Check if swap backing store is full
#   Decrease Java heap size (-Xmx/-Xms)
#   Decrease number of Java threads
#   Decrease Java thread stack sizes (-Xss)
#   Set larger code cache with -XX:ReservedCodeCacheSize=
#   JVM is running with Unscaled Compressed Oops mode in which the Java heap is
#     placed in the first 4GB address space. The Java Heap base address is the
#     maximum limit for the native heap growth. Please use -XX:HeapBaseMinAddress
#     to set the Java Heap base and to place the Java Heap above 4GB virtual address.
# This output file may be truncated or incomplete.
#
#  Out of Memory Error (t:/workspace/hotspot/src/share/vm/memory/allocation.cpp:372), pid=9196, tid=12692
#
# JRE version: Java(TM) SE Runtime Environment (9.0+11) (build 9.0.4+11)
# Java VM: Java HotSpot(TM) 64-Bit Server VM (9.0.4+11, mixed mode, tiered, compressed oops, g1 gc, windows-amd64)
# No core dump will be written. Minidumps are not enabled by default on client versions of Windows
#

---------------  S U M M A R Y ------------

Command Line: -Dmaven.multiModuleProjectDirectory=F:\data\javaProject\j4sc\j4sc-gateway-server -Dmaven.home=D:\develop_tool\apache-maven-3.5.3 -Dclassworlds.conf=D:\develop_tool\apache-maven-3.5.3\bin\m2.conf -javaagent:D:\develop_install\idea\IntelliJ IDEA 2017.2.5\lib\idea_rt.jar=62065:D:\develop_install\idea\IntelliJ IDEA 2017.2.5\bin -Dfile.encoding=UTF-8 org.codehaus.classworlds.Launcher -Didea.version=2017.2.6 -s D:\develop_tool\apache-maven-3.5.3\conf\settings.xml clean

Host: Intel(R) Core(TM) i7-7700 CPU @ 3.60GHz, 8 cores, 7G,  Windows 7 , 64 bit Build 7601 (6.1.7601.24094)
Time: Mon Jun 11 17:39:19 2018 ?D1¨²¡À¨º¡Á?¨º¡À?? elapsed time: 2 seconds (0d 0h 0m 2s)

---------------  T H R E A D  ---------------

Current thread (0x000000006624c000):  JavaThread "C2 CompilerThread2" daemon [_thread_in_native, id=12692, stack(0x0000000066ea0000,0x0000000066fa0000)]


Current CompileTask:
C2:   2462 2688       4       org.eclipse.sisu.plexus.RealmFilteredBeans$FilteredItr::hasNext (81 bytes)

Stack: [0x0000000066ea0000,0x0000000066fa0000]
Native frames: (J=compiled Java code, j=interpreted, Vv=VM code, C=native code)
V  [jvm.dll+0x587068]
V  [jvm.dll+0x69c25e]
V  [jvm.dll+0x69d17a]
V  [jvm.dll+0x69d7b3]
V  [jvm.dll+0x21d198]
V  [jvm.dll+0xa7aac]
V  [jvm.dll+0xa83ec]
V  [jvm.dll+0x320eac]
V  [jvm.dll+0x2e7aaa]
V  [jvm.dll+0x2e703a]
V  [jvm.dll+0x1e9ae1]
V  [jvm.dll+0x1e8d86]
V  [jvm.dll+0x1691cb]
V  [jvm.dll+0x1f6570]
V  [jvm.dll+0x1f51f6]
V  [jvm.dll+0x66b44f]
V  [jvm.dll+0x586490]
C  [msvcr120.dll+0x24f7f]
C  [msvcr120.dll+0x25126]
C  [kernel32.dll+0x159cd]
C  [ntdll.dll+0x5383d]


---------------  P R O C E S S  ---------------

Java Threads: ( => current thread )
  0x00000000672af800 JavaThread "Service Thread" daemon [_thread_blocked, id=16032, stack(0x0000000067780000,0x0000000067880000)]
  0x00000000672ad000 JavaThread "Monitor Ctrl-Break" daemon [_thread_in_native, id=14712, stack(0x00000000679f0000,0x0000000067af0000)]
  0x000000006716a800 JavaThread "Common-Cleaner" daemon [_thread_blocked, id=10316, stack(0x0000000067610000,0x0000000067710000)]
  0x000000006625d800 JavaThread "Sweeper thread" daemon [_thread_blocked, id=9652, stack(0x0000000066330000,0x0000000066430000)]
  0x000000006624d000 JavaThread "C1 CompilerThread3" daemon [_thread_blocked, id=11448, stack(0x0000000067010000,0x0000000067110000)]
=>0x000000006624c000 JavaThread "C2 CompilerThread2" daemon [_thread_in_native, id=12692, stack(0x0000000066ea0000,0x0000000066fa0000)]
  0x0000000066247000 JavaThread "C2 CompilerThread1" daemon [_thread_in_native, id=14772, stack(0x0000000066d10000,0x0000000066e10000)]
  0x000000006623e000 JavaThread "C2 CompilerThread0" daemon [_thread_in_native, id=9340, stack(0x0000000066ba0000,0x0000000066ca0000)]
  0x000000006623c800 JavaThread "Attach Listener" daemon [_thread_blocked, id=8344, stack(0x0000000066a50000,0x0000000066b50000)]
  0x000000006623b800 JavaThread "Signal Dispatcher" daemon [_thread_blocked, id=13468, stack(0x0000000066920000,0x0000000066a20000)]
  0x0000000066228000 JavaThread "Finalizer" daemon [_thread_blocked, id=7880, stack(0x00000000667b0000,0x00000000668b0000)]
  0x000000006621e800 JavaThread "Reference Handler" daemon [_thread_blocked, id=13764, stack(0x00000000665c0000,0x00000000666c0000)]
  0x0000000000120800 JavaThread "main" [_thread_in_native, id=14012, stack(0x00000000024e0000,0x00000000025e0000)]

Other Threads:
  0x000000006621b800 VMThread "VM Thread" [stack: 0x0000000066470000,0x0000000066570000] [id=9968]
  0x00000000672f4800 WatcherThread [stack: 0x0000000067b60000,0x0000000067c60000] [id=2040]
  0x0000000000136800 GCTaskThread "GC Thread#0" [stack: 0x000000001bcd0000,0x000000001bdd0000] [id=8816]
  0x0000000000138000 GCTaskThread "GC Thread#1" [stack: 0x000000001be30000,0x000000001bf30000] [id=10796]
  0x000000000013a000 GCTaskThread "GC Thread#2" [stack: 0x000000001bf90000,0x000000001c090000] [id=1884]
  0x000000000013e800 GCTaskThread "GC Thread#3" [stack: 0x000000001c1f0000,0x000000001c2f0000] [id=3952]
  0x000000000014a000 GCTaskThread "GC Thread#4" [stack: 0x000000001c090000,0x000000001c190000] [id=16028]
  0x000000000014b000 GCTaskThread "GC Thread#5" [stack: 0x000000001c330000,0x000000001c430000] [id=13108]
  0x000000000014c000 GCTaskThread "GC Thread#6" [stack: 0x000000001c590000,0x000000001c690000] [id=15688]
  0x000000000014d000 GCTaskThread "GC Thread#7" [stack: 0x000000001c760000,0x000000001c860000] [id=8056]
  0x000000001d80c000 ConcurrentGCThread "G1 Main Marker" [stack: 0x0000000022d60000,0x0000000022e60000] [id=4864]
  0x000000001d80d000 ConcurrentGCThread "G1 Marker#0" [stack: 0x0000000022f30000,0x0000000023030000] [id=11384]
  0x000000001d80f800 ConcurrentGCThread "G1 Marker#1" [stack: 0x000000001db70000,0x000000001dc70000] [id=16172]
  0x000000000016d800 ConcurrentGCThread "G1 Refine#0" [stack: 0x000000001d190000,0x000000001d290000] [id=12176]
  0x000000000016c800 ConcurrentGCThread "G1 Refine#1" [stack: 0x000000001da50000,0x000000001db50000] [id=6008]
  0x000000000016a000 ConcurrentGCThread "G1 Refine#2" [stack: 0x000000001d590000,0x000000001d690000] [id=3324]
  0x0000000000169800 ConcurrentGCThread "G1 Refine#3" [stack: 0x000000001d8c0000,0x000000001d9c0000] [id=10764]
  0x0000000000164800 ConcurrentGCThread "G1 Refine#4" [stack: 0x000000001d6b0000,0x000000001d7b0000] [id=1696]
  0x000000000015b800 ConcurrentGCThread "G1 Refine#5" [stack: 0x000000001d480000,0x000000001d580000] [id=3828]
  0x0000000000152800 ConcurrentGCThread "G1 Refine#6" [stack: 0x000000001d2d0000,0x000000001d3d0000] [id=13400]
  0x0000000000150000 ConcurrentGCThread "G1 Refine#7" [stack: 0x000000001d090000,0x000000001d190000] [id=11852]
  0x000000000016e000 ConcurrentGCThread "G1 Young RemSet Sampling" [stack: 0x000000001dcd0000,0x000000001ddd0000] [id=13908]

Threads with active compile tasks:
C2 CompilerThread22688       4       org.eclipse.sisu.plexus.RealmFilteredBeans$FilteredItr::hasNext (81 bytes)
C2 CompilerThread12739       4       org.eclipse.sisu.plexus.DefaultPlexusBeans$Itr::hasNext (10 bytes)
C2 CompilerThread02742       4       org.eclipse.sisu.plexus.DefaultPlexusBeans$Itr::next (5 bytes)

VM state:not at safepoint (normal execution)

VM Mutex/Monitor currently owned by a thread: None

Heap address: 0x0000000081a00000, size: 2022 MB, Compressed Oops mode: 32-bit
Narrow klass base: 0x0000000000000000, Narrow klass shift: 0
Compressed class space size: 1073741824 Address: 0x00000000258b0000

Heap:
 garbage-first heap   total 131072K, used 44217K [0x0000000081a00000, 0x0000000081b00400, 0x0000000100000000)
  region size 1024K, 38 young (38912K), 10 survivors (10240K)
 Metaspace       used 20516K, capacity 20988K, committed 21296K, reserved 1069056K
  class space    used 2195K, capacity 2308K, committed 2432K, reserved 1048576K
Heap Regions: E=young(eden), S=young(survivor), O=old, HS=humongous(starts), HC=humongous(continues), CS=collection set, F=free, A=archive, TS=gc time stamp, AC=allocation context, TAMS=top-at-mark-start (previous, next)
|   0|0x0000000081a00000, 0x0000000081b00000, 0x0000000081b00000|100%| O|  |TS  1|AC  0|TAMS 0x0000000081a00000, 0x0000000081a00000|
|   1|0x0000000081b00000, 0x0000000081c00000, 0x0000000081c00000|100%| O|  |TS  1|AC  0|TAMS 0x0000000081b00000, 0x0000000081b00000|
|   2|0x0000000081c00000, 0x0000000081d00000, 0x0000000081d00000|100%| O|  |TS  3|AC  0|TAMS 0x0000000081c00000, 0x0000000081c00000|
|   3|0x0000000081d00000, 0x0000000081e00000, 0x0000000081e00000|100%| O|  |TS  3|AC  0|TAMS 0x0000000081d00000, 0x0000000081d00000|
|   4|0x0000000081e00000, 0x0000000081f00000, 0x0000000081f00000|100%| O|  |TS  3|AC  0|TAMS 0x0000000081e00000, 0x0000000081e00000|
|   5|0x0000000081f00000, 0x0000000082000000, 0x0000000082000000|100%| O|  |TS  3|AC  0|TAMS 0x0000000081f00000, 0x0000000081f00000|
|   6|0x0000000082000000, 0x000000008202e400, 0x0000000082100000| 18%| O|  |TS  3|AC  0|TAMS 0x0000000082000000, 0x0000000082000000|
|   7|0x0000000082100000, 0x0000000082100000, 0x0000000082200000|  0%| F|  |TS  0|AC  0|TAMS 0x0000000082100000, 0x0000000082100000|
|   8|0x0000000082200000, 0x0000000082200000, 0x0000000082300000|  0%| F|  |TS  0|AC  0|TAMS 0x0000000082200000, 0x0000000082200000|
|   9|0x0000000082300000, 0x0000000082300000, 0x0000000082400000|  0%| F|  |TS  0|AC  0|TAMS 0x0000000082300000, 0x0000000082300000|
|  10|0x0000000082400000, 0x0000000082400000, 0x0000000082500000|  0%| F|  |TS  0|AC  0|TAMS 0x0000000082400000, 0x0000000082400000|
|  11|0x0000000082500000, 0x0000000082500000, 0x0000000082600000|  0%| F|  |TS  0|AC  0|TAMS 0x0000000082500000, 0x0000000082500000|
|  12|0x0000000082600000, 0x0000000082600000, 0x0000000082700000|  0%| F|  |TS  0|AC  0|TAMS 0x0000000082600000, 0x0000000082600000|
|  13|0x0000000082700000, 0x0000000082700000, 0x0000000082800000|  0%| F|  |TS  0|AC  0|TAMS 0x0000000082700000, 0x0000000082700000|
|  14|0x0000000082800000, 0x0000000082800000, 0x0000000082900000|  0%| F|  |TS  0|AC  0|TAMS 0x0000000082800000, 0x0000000082800000|
|  15|0x0000000082900000, 0x0000000082900000, 0x0000000082a00000|  0%| F|  |TS  0|AC  0|TAMS 0x0000000082900000, 0x0000000082900000|
|  16|0x0000000082a00000, 0x0000000082a00000, 0x0000000082b00000|  0%| F|  |TS  0|AC  0|TAMS 0x0000000082a00000, 0x0000000082a00000|
|  17|0x0000000082b00000, 0x0000000082b00000, 0x0000000082c00000|  0%| F|  |TS  0|AC  0|TAMS 0x0000000082b00000, 0x0000000082b00000|
|  18|0x0000000082c00000, 0x0000000082c00000, 0x0000000082d00000|  0%| F|  |TS  0|AC  0|TAMS 0x0000000082c00000, 0x0000000082c00000|
|  19|0x0000000082d00000, 0x0000000082d00000, 0x0000000082e00000|  0%| F|  |TS  0|AC  0|TAMS 0x0000000082d00000, 0x0000000082d00000|
|  20|0x0000000082e00000, 0x0000000082e00000, 0x0000000082f00000|  0%| F|  |TS  0|AC  0|TAMS 0x0000000082e00000, 0x0000000082e00000|
|  21|0x0000000082f00000, 0x0000000082f00000, 0x0000000083000000|  0%| F|  |TS  0|AC  0|TAMS 0x0000000082f00000, 0x0000000082f00000|
|  22|0x0000000083000000, 0x0000000083000000, 0x0000000083100000|  0%| F|  |TS  0|AC  0|TAMS 0x0000000083000000, 0x0000000083000000|
|  23|0x0000000083100000, 0x0000000083100000, 0x0000000083200000|  0%| F|  |TS  0|AC  0|TAMS 0x0000000083100000, 0x0000000083100000|
|  24|0x0000000083200000, 0x0000000083200000, 0x0000000083300000|  0%| F|  |TS  0|AC  0|TAMS 0x0000000083200000, 0x0000000083200000|
|  25|0x0000000083300000, 0x0000000083300000, 0x0000000083400000|  0%| F|  |TS  0|AC  0|TAMS 0x0000000083300000, 0x0000000083300000|
|  26|0x0000000083400000, 0x0000000083400000, 0x0000000083500000|  0%| F|  |TS  0|AC  0|TAMS 0x0000000083400000, 0x0000000083400000|
|  27|0x0000000083500000, 0x0000000083500000, 0x0000000083600000|  0%| F|  |TS  0|AC  0|TAMS 0x0000000083500000, 0x0000000083500000|
|  28|0x0000000083600000, 0x0000000083600000, 0x0000000083700000|  0%| F|  |TS  0|AC  0|TAMS 0x0000000083600000, 0x0000000083600000|
|  29|0x0000000083700000, 0x0000000083700000, 0x0000000083800000|  0%| F|  |TS  0|AC  0|TAMS 0x0000000083700000, 0x0000000083700000|
|  30|0x0000000083800000, 0x0000000083800000, 0x0000000083900000|  0%| F|  |TS  0|AC  0|TAMS 0x0000000083800000, 0x0000000083800000|
|  31|0x0000000083900000, 0x0000000083900000, 0x0000000083a00000|  0%| F|  |TS  0|AC  0|TAMS 0x0000000083900000, 0x0000000083900000|
|  32|0x0000000083a00000, 0x0000000083a00000, 0x0000000083b00000|  0%| F|  |TS  0|AC  0|TAMS 0x0000000083a00000, 0x0000000083a00000|
|  33|0x0000000083b00000, 0x0000000083b00000, 0x0000000083c00000|  0%| F|  |TS  0|AC  0|TAMS 0x0000000083b00000, 0x0000000083b00000|
|  34|0x0000000083c00000, 0x0000000083c00000, 0x0000000083d00000|  0%| F|  |TS  0|AC  0|TAMS 0x0000000083c00000, 0x0000000083c00000|
|  35|0x0000000083d00000, 0x0000000083d00000, 0x0000000083e00000|  0%| F|  |TS  0|AC  0|TAMS 0x0000000083d00000, 0x0000000083d00000|
|  36|0x0000000083e00000, 0x0000000083e00000, 0x0000000083f00000|  0%| F|  |TS  0|AC  0|TAMS 0x0000000083e00000, 0x0000000083e00000|
|  37|0x0000000083f00000, 0x0000000083f00000, 0x0000000084000000|  0%| F|  |TS  0|AC  0|TAMS 0x0000000083f00000, 0x0000000083f00000|
|  38|0x0000000084000000, 0x0000000084000000, 0x0000000084100000|  0%| F|  |TS  0|AC  0|TAMS 0x0000000084000000, 0x0000000084000000|
|  39|0x0000000084100000, 0x0000000084100000, 0x0000000084200000|  0%| F|  |TS  0|AC  0|TAMS 0x0000000084100000, 0x0000000084100000|
|  40|0x0000000084200000, 0x0000000084200000, 0x0000000084300000|  0%| F|  |TS  0|AC  0|TAMS 0x0000000084200000, 0x0000000084200000|
|  41|0x0000000084300000, 0x0000000084300000, 0x0000000084400000|  0%| F|  |TS  0|AC  0|TAMS 0x0000000084300000, 0x0000000084300000|
|  42|0x0000000084400000, 0x0000000084500000, 0x0000000084500000|100%| S|CS|TS  3|AC  0|TAMS 0x0000000084400000, 0x0000000084400000|
|  43|0x0000000084500000, 0x0000000084600000, 0x0000000084600000|100%| S|CS|TS  3|AC  0|TAMS 0x0000000084500000, 0x0000000084500000|
|  44|0x0000000084600000, 0x0000000084700000, 0x0000000084700000|100%| S|CS|TS  3|AC  0|TAMS 0x0000000084600000, 0x0000000084600000|
|  45|0x0000000084700000, 0x0000000084800000, 0x0000000084800000|100%| S|CS|TS  3|AC  0|TAMS 0x0000000084700000, 0x0000000084700000|
|  46|0x0000000084800000, 0x0000000084900000, 0x0000000084900000|100%| S|CS|TS  3|AC  0|TAMS 0x0000000084800000, 0x0000000084800000|
|  47|0x0000000084900000, 0x0000000084a00000, 0x0000000084a00000|100%| S|CS|TS  3|AC  0|TAMS 0x0000000084900000, 0x0000000084900000|
|  48|0x0000000084a00000, 0x0000000084b00000, 0x0000000084b00000|100%| S|CS|TS  3|AC  0|TAMS 0x0000000084a00000, 0x0000000084a00000|
|  49|0x0000000084b00000, 0x0000000084c00000, 0x0000000084c00000|100%| S|CS|TS  3|AC  0|TAMS 0x0000000084b00000, 0x0000000084b00000|
|  50|0x0000000084c00000, 0x0000000084d00000, 0x0000000084d00000|100%| S|CS|TS  3|AC  0|TAMS 0x0000000084c00000, 0x0000000084c00000|
|  51|0x0000000084d00000, 0x0000000084e00000, 0x0000000084e00000|100%| S|CS|TS  3|AC  0|TAMS 0x0000000084d00000, 0x0000000084d00000|
|  52|0x0000000084e00000, 0x0000000084e00000, 0x0000000084f00000|  0%| F|  |TS  3|AC  0|TAMS 0x0000000084e00000, 0x0000000084e00000|
|  53|0x0000000084f00000, 0x0000000084f00000, 0x0000000085000000|  0%| F|  |TS  3|AC  0|TAMS 0x0000000084f00000, 0x0000000084f00000|
|  54|0x0000000085000000, 0x0000000085000000, 0x0000000085100000|  0%| F|  |TS  3|AC  0|TAMS 0x0000000085000000, 0x0000000085000000|
|  55|0x0000000085100000, 0x0000000085100000, 0x0000000085200000|  0%| F|  |TS  3|AC  0|TAMS 0x0000000085100000, 0x0000000085100000|
|  56|0x0000000085200000, 0x0000000085200000, 0x0000000085300000|  0%| F|  |TS  3|AC  0|TAMS 0x0000000085200000, 0x0000000085200000|
|  57|0x0000000085300000, 0x0000000085300000, 0x0000000085400000|  0%| F|  |TS  3|AC  0|TAMS 0x0000000085300000, 0x0000000085300000|
|  58|0x0000000085400000, 0x0000000085400000, 0x0000000085500000|  0%| F|  |TS  3|AC  0|TAMS 0x0000000085400000, 0x0000000085400000|
|  59|0x0000000085500000, 0x0000000085500000, 0x0000000085600000|  0%| F|  |TS  3|AC  0|TAMS 0x0000000085500000, 0x0000000085500000|
|  60|0x0000000085600000, 0x0000000085600000, 0x0000000085700000|  0%| F|  |TS  3|AC  0|TAMS 0x0000000085600000, 0x0000000085600000|
|  61|0x0000000085700000, 0x0000000085700000, 0x0000000085800000|  0%| F|  |TS  3|AC  0|TAMS 0x0000000085700000, 0x0000000085700000|
|  62|0x0000000085800000, 0x0000000085800000, 0x0000000085900000|  0%| F|  |TS  3|AC  0|TAMS 0x0000000085800000, 0x0000000085800000|
|  63|0x0000000085900000, 0x0000000085900000, 0x0000000085a00000|  0%| F|  |TS  3|AC  0|TAMS 0x0000000085900000, 0x0000000085900000|
|  64|0x0000000085a00000, 0x0000000085a00000, 0x0000000085b00000|  0%| F|  |TS  3|AC  0|TAMS 0x0000000085a00000, 0x0000000085a00000|
|  65|0x0000000085b00000, 0x0000000085b00000, 0x0000000085c00000|  0%| F|  |TS  3|AC  0|TAMS 0x0000000085b00000, 0x0000000085b00000|
|  66|0x0000000085c00000, 0x0000000085c00000, 0x0000000085d00000|  0%| F|  |TS  3|AC  0|TAMS 0x0000000085c00000, 0x0000000085c00000|
|  67|0x0000000085d00000, 0x0000000085d00000, 0x0000000085e00000|  0%| F|  |TS  3|AC  0|TAMS 0x0000000085d00000, 0x0000000085d00000|
|  68|0x0000000085e00000, 0x0000000085e00000, 0x0000000085f00000|  0%| F|  |TS  3|AC  0|TAMS 0x0000000085e00000, 0x0000000085e00000|
|  69|0x0000000085f00000, 0x0000000085f00000, 0x0000000086000000|  0%| F|  |TS  3|AC  0|TAMS 0x0000000085f00000, 0x0000000085f00000|
|  70|0x0000000086000000, 0x0000000086000000, 0x0000000086100000|  0%| F|  |TS  3|AC  0|TAMS 0x0000000086000000, 0x0000000086000000|
|  71|0x0000000086100000, 0x0000000086100000, 0x0000000086200000|  0%| F|  |TS  3|AC  0|TAMS 0x0000000086100000, 0x0000000086100000|
|  72|0x0000000086200000, 0x0000000086200000, 0x0000000086300000|  0%| F|  |TS  3|AC  0|TAMS 0x0000000086200000, 0x0000000086200000|
|  73|0x0000000086300000, 0x0000000086300000, 0x0000000086400000|  0%| F|  |TS  3|AC  0|TAMS 0x0000000086300000, 0x0000000086300000|
|  74|0x0000000086400000, 0x0000000086400000, 0x0000000086500000|  0%| F|  |TS  3|AC  0|TAMS 0x0000000086400000, 0x0000000086400000|
|  75|0x0000000086500000, 0x0000000086500000, 0x0000000086600000|  0%| F|  |TS  3|AC  0|TAMS 0x0000000086500000, 0x0000000086500000|
|  76|0x0000000086600000, 0x0000000086600000, 0x0000000086700000|  0%| F|  |TS  3|AC  0|TAMS 0x0000000086600000, 0x0000000086600000|
|  77|0x0000000086700000, 0x0000000086700000, 0x0000000086800000|  0%| F|  |TS  3|AC  0|TAMS 0x0000000086700000, 0x0000000086700000|
|  78|0x0000000086800000, 0x0000000086800000, 0x0000000086900000|  0%| F|  |TS  3|AC  0|TAMS 0x0000000086800000, 0x0000000086800000|
|  79|0x0000000086900000, 0x0000000086900000, 0x0000000086a00000|  0%| F|  |TS  3|AC  0|TAMS 0x0000000086900000, 0x0000000086900000|
|  80|0x0000000086a00000, 0x0000000086a00000, 0x0000000086b00000|  0%| F|  |TS  3|AC  0|TAMS 0x0000000086a00000, 0x0000000086a00000|
|  81|0x0000000086b00000, 0x0000000086b00000, 0x0000000086c00000|  0%| F|  |TS  3|AC  0|TAMS 0x0000000086b00000, 0x0000000086b00000|
|  82|0x0000000086c00000, 0x0000000086c00000, 0x0000000086d00000|  0%| F|  |TS  3|AC  0|TAMS 0x0000000086c00000, 0x0000000086c00000|
|  83|0x0000000086d00000, 0x0000000086d00000, 0x0000000086e00000|  0%| F|  |TS  3|AC  0|TAMS 0x0000000086d00000, 0x0000000086d00000|
|  84|0x0000000086e00000, 0x0000000086e00000, 0x0000000086f00000|  0%| F|  |TS  3|AC  0|TAMS 0x0000000086e00000, 0x0000000086e00000|
|  85|0x0000000086f00000, 0x0000000086f00000, 0x0000000087000000|  0%| F|  |TS  3|AC  0|TAMS 0x0000000086f00000, 0x0000000086f00000|
|  86|0x0000000087000000, 0x0000000087000000, 0x0000000087100000|  0%| F|  |TS  3|AC  0|TAMS 0x0000000087000000, 0x0000000087000000|
|  87|0x0000000087100000, 0x0000000087100000, 0x0000000087200000|  0%| F|  |TS  3|AC  0|TAMS 0x0000000087100000, 0x0000000087100000|
|  88|0x0000000087200000, 0x0000000087200000, 0x0000000087300000|  0%| F|  |TS  3|AC  0|TAMS 0x0000000087200000, 0x0000000087200000|
|  89|0x0000000087300000, 0x0000000087300000, 0x0000000087400000|  0%| F|  |TS  3|AC  0|TAMS 0x0000000087300000, 0x0000000087300000|
|  90|0x0000000087400000, 0x0000000087400000, 0x0000000087500000|  0%| F|  |TS  3|AC  0|TAMS 0x0000000087400000, 0x0000000087400000|
|  91|0x0000000087500000, 0x0000000087500000, 0x0000000087600000|  0%| F|  |TS  3|AC  0|TAMS 0x0000000087500000, 0x0000000087500000|
|  92|0x0000000087600000, 0x0000000087600000, 0x0000000087700000|  0%| F|  |TS  3|AC  0|TAMS 0x0000000087600000, 0x0000000087600000|
|  93|0x0000000087700000, 0x0000000087700000, 0x0000000087800000|  0%| F|  |TS  3|AC  0|TAMS 0x0000000087700000, 0x0000000087700000|
|  94|0x0000000087800000, 0x0000000087800000, 0x0000000087900000|  0%| F|  |TS  3|AC  0|TAMS 0x0000000087800000, 0x0000000087800000|
|  95|0x0000000087900000, 0x0000000087900000, 0x0000000087a00000|  0%| F|  |TS  3|AC  0|TAMS 0x0000000087900000, 0x0000000087900000|
|  96|0x0000000087a00000, 0x0000000087a00000, 0x0000000087b00000|  0%| F|  |TS  3|AC  0|TAMS 0x0000000087a00000, 0x0000000087a00000|
|  97|0x0000000087b00000, 0x0000000087b00000, 0x0000000087c00000|  0%| F|  |TS  3|AC  0|TAMS 0x0000000087b00000, 0x0000000087b00000|
|  98|0x0000000087c00000, 0x0000000087c00000, 0x0000000087d00000|  0%| F|  |TS  3|AC  0|TAMS 0x0000000087c00000, 0x0000000087c00000|
|  99|0x0000000087d00000, 0x0000000087d00000, 0x0000000087e00000|  0%| F|  |TS  3|AC  0|TAMS 0x0000000087d00000, 0x0000000087d00000|
| 100|0x0000000087e00000, 0x0000000087f00000, 0x0000000087f00000|100%| E|  |TS  3|AC  0|TAMS 0x0000000087e00000, 0x0000000087e00000|
| 101|0x0000000087f00000, 0x0000000088000000, 0x0000000088000000|100%| E|CS|TS  3|AC  0|TAMS 0x0000000087f00000, 0x0000000087f00000|
| 102|0x0000000088000000, 0x0000000088100000, 0x0000000088100000|100%| E|CS|TS  3|AC  0|TAMS 0x0000000088000000, 0x0000000088000000|
| 103|0x0000000088100000, 0x0000000088200000, 0x0000000088200000|100%| E|CS|TS  3|AC  0|TAMS 0x0000000088100000, 0x0000000088100000|
| 104|0x0000000088200000, 0x0000000088300000, 0x0000000088300000|100%| E|CS|TS  3|AC  0|TAMS 0x0000000088200000, 0x0000000088200000|
| 105|0x0000000088300000, 0x0000000088400000, 0x0000000088400000|100%| E|CS|TS  3|AC  0|TAMS 0x0000000088300000, 0x0000000088300000|
| 106|0x0000000088400000, 0x0000000088500000, 0x0000000088500000|100%| E|CS|TS  3|AC  0|TAMS 0x0000000088400000, 0x0000000088400000|
| 107|0x0000000088500000, 0x0000000088600000, 0x0000000088600000|100%| E|CS|TS  3|AC  0|TAMS 0x0000000088500000, 0x0000000088500000|
| 108|0x0000000088600000, 0x0000000088700000, 0x0000000088700000|100%| E|CS|TS  3|AC  0|TAMS 0x0000000088600000, 0x0000000088600000|
| 109|0x0000000088700000, 0x0000000088800000, 0x0000000088800000|100%| E|CS|TS  3|AC  0|TAMS 0x0000000088700000, 0x0000000088700000|
| 110|0x0000000088800000, 0x0000000088900000, 0x0000000088900000|100%| E|CS|TS  3|AC  0|TAMS 0x0000000088800000, 0x0000000088800000|
| 111|0x0000000088900000, 0x0000000088a00000, 0x0000000088a00000|100%| E|CS|TS  3|AC  0|TAMS 0x0000000088900000, 0x0000000088900000|
| 112|0x0000000088a00000, 0x0000000088b00000, 0x0000000088b00000|100%| E|CS|TS  3|AC  0|TAMS 0x0000000088a00000, 0x0000000088a00000|
| 113|0x0000000088b00000, 0x0000000088c00000, 0x0000000088c00000|100%| E|CS|TS  3|AC  0|TAMS 0x0000000088b00000, 0x0000000088b00000|
| 114|0x0000000088c00000, 0x0000000088d00000, 0x0000000088d00000|100%| E|CS|TS  3|AC  0|TAMS 0x0000000088c00000, 0x0000000088c00000|
| 115|0x0000000088d00000, 0x0000000088e00000, 0x0000000088e00000|100%| E|CS|TS  3|AC  0|TAMS 0x0000000088d00000, 0x0000000088d00000|
| 116|0x0000000088e00000, 0x0000000088f00000, 0x0000000088f00000|100%| E|CS|TS  3|AC  0|TAMS 0x0000000088e00000, 0x0000000088e00000|
| 117|0x0000000088f00000, 0x0000000089000000, 0x0000000089000000|100%| E|CS|TS  3|AC  0|TAMS 0x0000000088f00000, 0x0000000088f00000|
| 118|0x0000000089000000, 0x0000000089100000, 0x0000000089100000|100%| E|CS|TS  3|AC  0|TAMS 0x0000000089000000, 0x0000000089000000|
| 119|0x0000000089100000, 0x0000000089200000, 0x0000000089200000|100%| E|CS|TS  3|AC  0|TAMS 0x0000000089100000, 0x0000000089100000|
| 120|0x0000000089200000, 0x0000000089300000, 0x0000000089300000|100%| E|CS|TS  3|AC  0|TAMS 0x0000000089200000, 0x0000000089200000|
| 121|0x0000000089300000, 0x0000000089400000, 0x0000000089400000|100%| E|CS|TS  3|AC  0|TAMS 0x0000000089300000, 0x0000000089300000|
| 122|0x0000000089400000, 0x0000000089500000, 0x0000000089500000|100%| E|CS|TS  3|AC  0|TAMS 0x0000000089400000, 0x0000000089400000|
| 123|0x0000000089500000, 0x0000000089600000, 0x0000000089600000|100%| E|CS|TS  3|AC  0|TAMS 0x0000000089500000, 0x0000000089500000|
| 124|0x0000000089600000, 0x0000000089700000, 0x0000000089700000|100%| E|CS|TS  3|AC  0|TAMS 0x0000000089600000, 0x0000000089600000|
| 125|0x0000000089700000, 0x0000000089800000, 0x0000000089800000|100%| E|CS|TS  3|AC  0|TAMS 0x0000000089700000, 0x0000000089700000|
| 126|0x0000000089800000, 0x0000000089900000, 0x0000000089900000|100%| E|CS|TS  3|AC  0|TAMS 0x0000000089800000, 0x0000000089800000|
| 127|0x0000000089900000, 0x0000000089a00000, 0x0000000089a00000|100%| E|CS|TS  3|AC  0|TAMS 0x0000000089900000, 0x0000000089900000|

Card table byte_map: [0x000000001e5d0000,0x000000001e9d0000] byte_map_base: 0x000000001e1c3000

Marking Bits (Prev, Next): (CMBitMap*) 0x000000001d80b1c0, (CMBitMap*) 0x000000001d80b1f8
 Prev Bits: [0x000000001edd0000, 0x0000000020d68000)
 Next Bits: [0x0000000020d70000, 0x0000000022d08000)

Polling page: 0x00000000002f0000

CodeHeap 'non-profiled nmethods': size=120000Kb used=1496Kb max_used=1496Kb free=118503Kb
 bounds [0x0000000014700000, 0x0000000014970000, 0x000000001bc30000]
CodeHeap 'profiled nmethods': size=120000Kb used=6411Kb max_used=6411Kb free=113588Kb
 bounds [0x000000000d1d0000, 0x000000000d820000, 0x0000000014700000]
CodeHeap 'non-nmethods': size=5760Kb used=1242Kb max_used=1279Kb free=4517Kb
 bounds [0x000000000cc30000, 0x000000000cea0000, 0x000000000d1d0000]
 total_blobs=3951 nmethods=2810 adapters=333
 compilation: enabled

Compilation events (10 events):
Event: 2.455 Thread 0x000000006624d000 2797       2       com.google.common.cache.LocalCache$LoadingValueReference::notifyNewValue (21 bytes)
Event: 2.455 Thread 0x000000006624d000 nmethod 2797 0x000000000d80df90 code [0x000000000d80e140, 0x000000000d80e328]
Event: 2.455 Thread 0x000000006624d000 2798       2       com.google.common.cache.LocalCache$Segment::evictEntries (106 bytes)
Event: 2.455 Thread 0x000000006624d000 nmethod 2798 0x000000000d80e410 code [0x000000000d80e660, 0x000000000d80ec78]
Event: 2.456 Thread 0x0000000066247000 nmethod 2730 0x0000000014868c90 code [0x0000000014868f80, 0x000000001486ba50]
Event: 2.456 Thread 0x0000000066247000 2776       4       java.nio.charset.CoderResult::isOverflow (14 bytes)
Event: 2.457 Thread 0x0000000066247000 nmethod 2776 0x000000001486cc10 code [0x000000001486cda0, 0x000000001486cdf8]
Event: 2.457 Thread 0x0000000066247000 2744       4       java.util.IdentityHashMap::get (60 bytes)
Event: 2.458 Thread 0x0000000066247000 nmethod 2744 0x000000001486ce90 code [0x000000001486d040, 0x000000001486d248]
Event: 2.458 Thread 0x0000000066247000 2773       4       java.lang.Integer::parseInt (259 bytes)

GC Heap History (4 events):
Event: 0.827 GC heap before
{Heap before GC invocations=0 (full 0):
 garbage-first heap   total 131072K, used 24576K [0x0000000081a00000, 0x0000000081b00400, 0x0000000100000000)
  region size 1024K, 24 young (24576K), 0 survivors (0K)
 Metaspace       used 11681K, capacity 12034K, committed 12288K, reserved 1060864K
  class space    used 1147K, capacity 1205K, committed 1280K, reserved 1048576K
}
Event: 0.841 GC heap after
{Heap after GC invocations=1 (full 0):
 garbage-first heap   total 131072K, used 5591K [0x0000000081a00000, 0x0000000081b00400, 0x0000000100000000)
  region size 1024K, 3 young (3072K), 3 survivors (3072K)
 Metaspace       used 11681K, capacity 12034K, committed 12288K, reserved 1060864K
  class space    used 1147K, capacity 1205K, committed 1280K, reserved 1048576K
}
Event: 2.089 GC heap before
{Heap before GC invocations=1 (full 0):
 garbage-first heap   total 131072K, used 80343K [0x0000000081a00000, 0x0000000081b00400, 0x0000000100000000)
  region size 1024K, 76 young (77824K), 3 survivors (3072K)
 Metaspace       used 20044K, capacity 20486K, committed 20736K, reserved 1067008K
  class space    used 2175K, capacity 2273K, committed 2304K, reserved 1048576K
}
Event: 2.100 GC heap after
{Heap after GC invocations=2 (full 0):
 garbage-first heap   total 131072K, used 16569K [0x0000000081a00000, 0x0000000081b00400, 0x0000000100000000)
  region size 1024K, 10 young (10240K), 10 survivors (10240K)
 Metaspace       used 20044K, capacity 20486K, committed 20736K, reserved 1067008K
  class space    used 2175K, capacity 2273K, committed 2304K, reserved 1048576K
}

Deoptimization events (10 events):
Event: 2.075 Thread 0x0000000000120800 Uncommon trap: reason=unstable_if action=reinterpret pc=0x00000000147e32ec method=org.codehaus.plexus.util.xml.pull.MXParser.nextImpl()I @ 879 c2
Event: 2.143 Thread 0x0000000000120800 Uncommon trap: reason=unstable_if action=reinterpret pc=0x000000001480285c method=java.lang.StringLatin1.trim([B)Ljava/lang/String; @ 60 c2
Event: 2.167 Thread 0x0000000000120800 Uncommon trap: reason=unstable_if action=reinterpret pc=0x00000000147ddc70 method=java.lang.StringDecoderUTF8.decode([BIILjava/lang/StringCoding$Result;)Ljava/lang/StringCoding$Result; @ 130 c2
Event: 2.208 Thread 0x0000000000120800 Uncommon trap: reason=unstable_if action=reinterpret pc=0x000000001482e2c4 method=org.codehaus.plexus.util.xml.pull.MXParser.nextImpl()I @ 310 c2
Event: 2.233 Thread 0x0000000000120800 Uncommon trap: reason=unstable_if action=reinterpret pc=0x00000000147aacc8 method=java.lang.String.regionMatches(ZILjava/lang/String;II)Z @ 21 c2
Event: 2.285 Thread 0x0000000000120800 Uncommon trap: reason=bimorphic_or_optimized_type_check action=maybe_recompile pc=0x00000000148288d0 method=java.util.regex.Pattern$BmpCharPropertyGreedy.match(Ljava/util/regex/Matcher;ILjava/lang/CharSequence;)Z @ 26 c2
Event: 2.343 Thread 0x0000000000120800 Uncommon trap: reason=bimorphic_or_optimized_type_check action=maybe_recompile pc=0x00000000148288d0 method=java.util.regex.Pattern$BmpCharPropertyGreedy.match(Ljava/util/regex/Matcher;ILjava/lang/CharSequence;)Z @ 26 c2
Event: 2.362 Thread 0x0000000000120800 Uncommon trap: reason=bimorphic_or_optimized_type_check action=maybe_recompile pc=0x00000000148288d0 method=java.util.regex.Pattern$BmpCharPropertyGreedy.match(Ljava/util/regex/Matcher;ILjava/lang/CharSequence;)Z @ 26 c2
Event: 2.364 Thread 0x0000000000120800 Uncommon trap: reason=bimorphic_or_optimized_type_check action=maybe_recompile pc=0x00000000148288d0 method=java.util.regex.Pattern$BmpCharPropertyGreedy.match(Ljava/util/regex/Matcher;ILjava/lang/CharSequence;)Z @ 26 c2
Event: 2.364 Thread 0x0000000000120800 Uncommon trap: reason=bimorphic_or_optimized_type_check action=maybe_recompile pc=0x000000001482707c method=java.util.regex.Pattern$BmpCharPropertyGreedy.match(Ljava/util/regex/Matcher;ILjava/lang/CharSequence;)Z @ 26 c2

Classes redefined (0 events):
No events

Internal exceptions (10 events):
Event: 0.546 Thread 0x0000000000120800 Exception <a 'java/lang/NoSuchMethodError'{0x000000008901c8a0}: java.lang.invoke.DirectMethodHandle$Holder.invokeStaticInit(Ljava/lang/Object;Ljava/lang/Object;IIII)Ljava/lang/Object;> (0x000000008901c8a0) thrown at [t:/workspace/hotspot/src/share/vm/inte
Event: 0.654 Thread 0x0000000000120800 Exception <a 'java/lang/NoSuchMethodError'{0x0000000088cff1a8}: java.lang.Object.lambda$union$1(Ljava/util/regex/Pattern$CharPredicate;I)Z> (0x0000000088cff1a8) thrown at [t:/workspace/hotspot/src/share/vm/interpreter/linkResolver.cpp, line 731]
Event: 0.895 Thread 0x0000000000120800 Exception <a 'java/lang/NoSuchMethodError'{0x00000000896279c8}: java.lang.invoke.DirectMethodHandle$Holder.invokeInterface(Ljava/lang/Object;Ljava/lang/Object;Ljava/lang/Object;)I> (0x00000000896279c8) thrown at [t:/workspace/hotspot/src/share/vm/interpre
Event: 0.896 Thread 0x0000000000120800 Exception <a 'java/lang/NoSuchMethodError'{0x0000000089639480}: java.lang.invoke.DirectMethodHandle$Holder.invokeStatic(Ljava/lang/Object;Ljava/lang/Object;)I> (0x0000000089639480) thrown at [t:/workspace/hotspot/src/share/vm/interpreter/linkResolver.cpp,
Event: 0.897 Thread 0x0000000000120800 Exception <a 'java/lang/NoSuchMethodError'{0x0000000089648bd8}: java.lang.Object.of([Ljava/lang/Object;)Ljava/util/stream/Stream;> (0x0000000089648bd8) thrown at [t:/workspace/hotspot/src/share/vm/interpreter/linkResolver.cpp, line 731]
Event: 1.539 Thread 0x0000000000120800 Exception <a 'java/lang/NoClassDefFoundError'{0x000000008626cc88}: com/google/inject/servlet/ServletModuleTargetVisitor> (0x000000008626cc88) thrown at [t:/workspace/hotspot/src/share/vm/classfile/systemDictionary.cpp, line 207]
Event: 1.539 Thread 0x0000000000120800 Exception <a 'java/lang/NoClassDefFoundError'{0x000000008626cc88}> (0x000000008626cc88) thrown at [t:/workspace/hotspot/src/share/vm/prims/jvm.cpp, line 1314]
Event: 1.539 Thread 0x0000000000120800 Exception <a 'java/lang/NoClassDefFoundError'{0x00000000862713d8}: javax/annotation/Priority> (0x00000000862713d8) thrown at [t:/workspace/hotspot/src/share/vm/classfile/systemDictionary.cpp, line 207]
Event: 1.714 Thread 0x0000000000120800 Implicit null exception at 0x000000001472c664 to 0x000000001472cb45
Event: 1.714 Thread 0x0000000000120800 Implicit null exception at 0x0000000014745e64 to 0x0000000014746331

Events (10 events):
Event: 2.446 loading class org/apache/maven/lifecycle/internal/LifecycleTask
Event: 2.446 loading class org/apache/maven/lifecycle/internal/LifecycleTask done
Event: 2.450 loading class org/apache/maven/lifecycle/internal/CompoundProjectExecutionListener
Event: 2.450 loading class org/apache/maven/lifecycle/internal/CompoundProjectExecutionListener done
Event: 2.450 loading class org/apache/maven/execution/ProjectExecutionEvent
Event: 2.450 loading class org/apache/maven/execution/ProjectExecutionEvent done
Event: 2.452 loading class org/apache/maven/lifecycle/internal/GoalTask
Event: 2.452 loading class org/apache/maven/lifecycle/internal/GoalTask done
Event: 2.452 loading class org/apache/maven/plugin/DefaultPluginDescriptorCache$CacheKey
Event: 2.452 loading class org/apache/maven/plugin/DefaultPluginDescriptorCache$CacheKey done


Dynamic libraries:
0x000000013fe40000 - 0x000000013fe7e000 	D:\java\bin\java.exe
0x0000000076d90000 - 0x0000000076f2f000 	C:\Windows\SYSTEM32\ntdll.dll
0x0000000076b70000 - 0x0000000076c8f000 	C:\Windows\system32\kernel32.dll
0x000007fefcbf0000 - 0x000007fefcc5a000 	C:\Windows\system32\KERNELBASE.dll
0x000007fefda50000 - 0x000007fefdb2b000 	C:\Windows\system32\ADVAPI32.dll
0x000007fefe000000 - 0x000007fefe09f000 	C:\Windows\system32\msvcrt.dll
0x000007fefdb30000 - 0x000007fefdb4f000 	C:\Windows\SYSTEM32\sechost.dll
0x000007fefd640000 - 0x000007fefd76d000 	C:\Windows\system32\RPCRT4.dll
0x0000000076c90000 - 0x0000000076d8a000 	C:\Windows\system32\USER32.dll
0x000007fefd5d0000 - 0x000007fefd637000 	C:\Windows\system32\GDI32.dll
0x000007feff070000 - 0x000007feff07e000 	C:\Windows\system32\LPK.dll
0x000007fefd0f0000 - 0x000007fefd1bb000 	C:\Windows\system32\USP10.dll
0x000007fefb480000 - 0x000007fefb674000 	C:\Windows\WinSxS\amd64_microsoft.windows.common-controls_6595b64144ccf1df_6.0.7601.23403_none_e36ad4593102f066\COMCTL32.dll
0x000007fefddd0000 - 0x000007fefde41000 	C:\Windows\system32\SHLWAPI.dll
0x000007fefbb40000 - 0x000007fefbb4c000 	C:\Windows\system32\VERSION.dll
0x000007fefd5a0000 - 0x000007fefd5ce000 	C:\Windows\system32\IMM32.DLL
0x000007fefde50000 - 0x000007fefdf59000 	C:\Windows\system32\MSCTF.dll
0x000007fedb810000 - 0x000007fedb8ff000 	D:\java\bin\msvcr120.dll
0x000007fee9b60000 - 0x000007fee9c06000 	D:\java\bin\msvcp120.dll
0x00000000775d0000 - 0x0000000077ff5000 	D:\java\bin\server\jvm.dll
0x000007fefb110000 - 0x000007fefb119000 	C:\Windows\system32\WSOCK32.dll
0x000007fefdce0000 - 0x000007fefdd2d000 	C:\Windows\system32\WS2_32.dll
0x000007fefd260000 - 0x000007fefd268000 	C:\Windows\system32\NSI.dll
0x000007fefa9f0000 - 0x000007fefaa2b000 	C:\Windows\system32\WINMM.dll
0x0000000076f40000 - 0x0000000076f47000 	C:\Windows\system32\PSAPI.DLL
0x000007fefa190000 - 0x000007fefa19f000 	D:\java\bin\verify.dll
0x000007fef9d80000 - 0x000007fef9da7000 	D:\java\bin\java.dll
0x000007feeaef0000 - 0x000007feeaf1a000 	D:\java\bin\instrument.dll
0x000007fef9dc0000 - 0x000007fef9dd6000 	D:\java\bin\zip.dll
0x000007fefa1b0000 - 0x000007fefa1ba000 	D:\java\bin\jimage.dll
0x000007fefe100000 - 0x000007fefee8a000 	C:\Windows\system32\SHELL32.dll
0x000007fefd850000 - 0x000007fefda4c000 	C:\Windows\system32\ole32.dll
0x000007fefca60000 - 0x000007fefca6f000 	C:\Windows\system32\profapi.dll
0x000007fef9ce0000 - 0x000007fef9cfa000 	D:\java\bin\net.dll
0x000007fef94c0000 - 0x000007fef9531000 	C:\Windows\system32\WINHTTP.dll
0x000007fef9300000 - 0x000007fef9365000 	C:\Windows\system32\webio.dll
0x000007fefc1f0000 - 0x000007fefc245000 	C:\Windows\system32\mswsock.dll
0x000007fefc1e0000 - 0x000007fefc1e7000 	C:\Windows\System32\wship6.dll
0x000007fef76c0000 - 0x000007fef76d1000 	D:\java\bin\nio.dll
0x000007fef7600000 - 0x000007fef761a000 	D:\develop_install\idea\IntelliJ IDEA 2017.2.5\bin\breakgen64.dll
0x000007fefc250000 - 0x000007fefc268000 	C:\Windows\system32\CRYPTSP.dll
0x000007fefbf50000 - 0x000007fefbf97000 	C:\Windows\system32\rsaenh.dll
0x000007fefcdf0000 - 0x000007fefce0f000 	C:\Windows\system32\USERENV.dll
0x000007fefc8c0000 - 0x000007fefc8cf000 	C:\Windows\system32\CRYPTBASE.dll
0x000007fefa580000 - 0x000007fefa5a7000 	C:\Windows\system32\IPHLPAPI.DLL
0x000007fefa560000 - 0x000007fefa56b000 	C:\Windows\system32\WINNSI.DLL
0x000007fefa100000 - 0x000007fefa111000 	C:\Windows\system32\dhcpcsvc6.DLL
0x000007fefa220000 - 0x000007fefa238000 	C:\Windows\system32\dhcpcsvc.DLL
0x000007fef7c30000 - 0x000007fef7c3a000 	C:\Users\pc\AppData\Local\Temp\jansi-1.17-3522997212397654292.dll
0x000007fef75d0000 - 0x000007fef75da000 	C:\Users\pc\AppData\Local\Temp\jansi-1.17-14961533400781665710.dll
0x000007fef8c90000 - 0x000007fef8db5000 	C:\Windows\system32\dbghelp.dll

VM Arguments:
jvm_args: -Dmaven.multiModuleProjectDirectory=F:\data\javaProject\j4sc\j4sc-gateway-server -Dmaven.home=D:\develop_tool\apache-maven-3.5.3 -Dclassworlds.conf=D:\develop_tool\apache-maven-3.5.3\bin\m2.conf -javaagent:D:\develop_install\idea\IntelliJ IDEA 2017.2.5\lib\idea_rt.jar=62065:D:\develop_install\idea\IntelliJ IDEA 2017.2.5\bin -Dfile.encoding=UTF-8 
java_command: org.codehaus.classworlds.Launcher -Didea.version=2017.2.6 -s D:\develop_tool\apache-maven-3.5.3\conf\settings.xml clean
java_class_path (initial): D:\develop_tool\apache-maven-3.5.3\boot\plexus-classworlds-2.5.2.jar
Launcher Type: SUN_STANDARD

Logging:
Log output configuration:
#0: stdout all=warning uptime,level,tags
#1: stderr all=off uptime,level,tags

Environment Variables:
JAVA_HOME=D:\java
PATH=C:\ProgramData\Oracle\Java\javapath;C:\Windows\system32;C:\Windows;C:\Windows\System32\Wbem;C:\Windows\System32\WindowsPowerShell\v1.0\;D:\develop_install\nodejs\;C:\Windows\system32;D:\develop_tool\apache-maven-3.5.3\bin;C:\Users\pc\AppData\Roaming\npm;D:\java\bin;D:\java\jre\bin;C:\Users\pc\AppData\Local\atom\bin
USERNAME=pc
OS=Windows_NT
PROCESSOR_IDENTIFIER=Intel64 Family 6 Model 158 Stepping 9, GenuineIntel



---------------  S Y S T E M  ---------------

OS: Windows 7 , 64 bit Build 7601 (6.1.7601.24094)

CPU:total 8 (initial active 8) (4 cores per cpu, 2 threads per core) family 6 model 158 stepping 9, cmov, cx8, fxsr, mmx, sse, sse2, sse3, ssse3, sse4.1, sse4.2, popcnt, avx, avx2, aes, clmul, erms, rtm, 3dnowpref, lzcnt, ht, tsc, tscinvbit, bmi1, bmi2, adx, fma

Memory: 4k page, physical 8277952k(358860k free), swap 16664684k(5224k free)

vm_info: Java HotSpot(TM) 64-Bit Server VM (9.0.4+11) for windows-amd64 JRE (9.0.4+11), built on Dec 20 2017 02:18:54 by "mach5one" with MS VC++ 12.0 (VS2013)

END.
