#
# There is insufficient memory for the Java Runtime Environment to continue.
# Native memory allocation (malloc) failed to allocate 32744 bytes for ChunkPool::allocate
# Possible reasons:
#   The system is out of physical RAM or swap space
#   The process is running with CompressedOops enabled, and the Java Heap may be blocking the growth of the native heap
# Possible solutions:
#   Reduce memory load on the system
#   Increase physical memory or swap space
#   Check if swap backing store is full
#   Decrease Java heap size (-Xmx/-Xms)
#   Decrease number of Java threads
#   Decrease Java thread stack sizes (-Xss)
#   Set larger code cache with -XX:ReservedCodeCacheSize=
#   JVM is running with Unscaled Compressed Oops mode in which the Java heap is
#     placed in the first 4GB address space. The Java Heap base address is the
#     maximum limit for the native heap growth. Please use -XX:HeapBaseMinAddress
#     to set the Java Heap base and to place the Java Heap above 4GB virtual address.
# This output file may be truncated or incomplete.
#
#  Out of Memory Error (t:/workspace/hotspot/src/share/vm/memory/allocation.cpp:256), pid=14260, tid=12404
#
# JRE version: Java(TM) SE Runtime Environment (9.0+11) (build 9.0.4+11)
# Java VM: Java HotSpot(TM) 64-Bit Server VM (9.0.4+11, mixed mode, tiered, compressed oops, g1 gc, windows-amd64)
# No core dump will be written. Minidumps are not enabled by default on client versions of Windows
#

---------------  S U M M A R Y ------------

Command Line: -Dmaven.multiModuleProjectDirectory=F:\data\javaProject\j4sc\j4sc-gateway-server -Dmaven.home=D:\develop_tool\apache-maven-3.5.3 -Dclassworlds.conf=D:\develop_tool\apache-maven-3.5.3\bin\m2.conf -javaagent:D:\develop_install\idea\IntelliJ IDEA 2017.2.5\lib\idea_rt.jar=61937:D:\develop_install\idea\IntelliJ IDEA 2017.2.5\bin -Dfile.encoding=UTF-8 org.codehaus.classworlds.Launcher -Didea.version=2017.2.6 -s D:\develop_tool\apache-maven-3.5.3\conf\settings.xml clean

Host: Intel(R) Core(TM) i7-7700 CPU @ 3.60GHz, 8 cores, 7G,  Windows 7 , 64 bit Build 7601 (6.1.7601.24094)
Time: Mon Jun 11 17:37:51 2018 ?D1¨²¡À¨º¡Á?¨º¡À?? elapsed time: 2 seconds (0d 0h 0m 2s)

---------------  T H R E A D  ---------------

Current thread (0x0000000065faf800):  JavaThread "C2 CompilerThread1" daemon [_thread_in_native, id=12404, stack(0x0000000066800000,0x0000000066900000)]


Current CompileTask:
C2:   2732 2736       4       org.eclipse.sisu.plexus.RealmFilteredBeans$FilteredItr::hasNext (81 bytes)

Stack: [0x0000000066800000,0x0000000066900000]
Native frames: (J=compiled Java code, j=interpreted, Vv=VM code, C=native code)
V  [jvm.dll+0x587068]

[error occurred during error reporting (printing native stack), id 0xe0000001]


---------------  P R O C E S S  ---------------

Java Threads: ( => current thread )
  0x0000000066f3d800 JavaThread "Service Thread" daemon [_thread_blocked, id=9400, stack(0x0000000067650000,0x0000000067750000)]
  0x0000000066f37000 JavaThread "Monitor Ctrl-Break" daemon [_thread_in_native, id=14500, stack(0x0000000067240000,0x0000000067340000)]
  0x000000006600d800 JavaThread "Common-Cleaner" daemon [_thread_blocked, id=4692, stack(0x0000000067340000,0x0000000067440000)]
  0x0000000065fd1800 JavaThread "Sweeper thread" daemon [_thread_blocked, id=3852, stack(0x0000000066cc0000,0x0000000066dc0000)]
  0x0000000065fb9000 JavaThread "C1 CompilerThread3" daemon [_thread_in_native, id=8820, stack(0x0000000066b50000,0x0000000066c50000)]
  0x0000000065fb0000 JavaThread "C2 CompilerThread2" daemon [_thread_in_native, id=11540, stack(0x0000000066a20000,0x0000000066b20000)]
=>0x0000000065faf800 JavaThread "C2 CompilerThread1" daemon [_thread_in_native, id=12404, stack(0x0000000066800000,0x0000000066900000)]
  0x0000000065fa8000 JavaThread "C2 CompilerThread0" daemon [_thread_in_native, id=3868, stack(0x0000000066700000,0x0000000066800000)]
  0x0000000065fa6800 JavaThread "Attach Listener" daemon [_thread_blocked, id=5040, stack(0x00000000661a0000,0x00000000662a0000)]
  0x0000000065fa5800 JavaThread "Signal Dispatcher" daemon [_thread_blocked, id=9540, stack(0x00000000665e0000,0x00000000666e0000)]
  0x0000000065f92000 JavaThread "Finalizer" daemon [_thread_blocked, id=14628, stack(0x00000000664a0000,0x00000000665a0000)]
  0x0000000065f88800 JavaThread "Reference Handler" daemon [_thread_blocked, id=8244, stack(0x00000000662d0000,0x00000000663d0000)]
  0x0000000000280800 JavaThread "main" [_thread_in_Java, id=15212, stack(0x0000000002510000,0x0000000002610000)]

Other Threads:
  0x0000000065f83800 VMThread "VM Thread" [stack: 0x0000000066050000,0x0000000066150000] [id=15576]
  0x0000000066f84000 WatcherThread [stack: 0x0000000067450000,0x0000000067550000] [id=15956]
  0x0000000000296800 GCTaskThread "GC Thread#0" [stack: 0x000000001be90000,0x000000001bf90000] [id=7508]
  0x0000000000298000 GCTaskThread "GC Thread#1" [stack: 0x000000001c090000,0x000000001c190000] [id=1128]
  0x000000000029a000 GCTaskThread "GC Thread#2" [stack: 0x000000001c1e0000,0x000000001c2e0000] [id=12384]
  0x000000000029e800 GCTaskThread "GC Thread#3" [stack: 0x000000001c3f0000,0x000000001c4f0000] [id=9868]
  0x00000000002a1800 GCTaskThread "GC Thread#4" [stack: 0x000000001c660000,0x000000001c760000] [id=2520]
  0x00000000002a3800 GCTaskThread "GC Thread#5" [stack: 0x000000001c820000,0x000000001c920000] [id=11644]
  0x00000000002b5000 GCTaskThread "GC Thread#6" [stack: 0x000000001c2e0000,0x000000001c3e0000] [id=10840]
  0x00000000002b6000 GCTaskThread "GC Thread#7" [stack: 0x000000001bd90000,0x000000001be90000] [id=2536]
  0x000000001bfe4000 ConcurrentGCThread "G1 Main Marker" [stack: 0x0000000022c70000,0x0000000022d70000] [id=2380]
  0x000000001bfe4800 ConcurrentGCThread "G1 Marker#0" [stack: 0x0000000022b60000,0x0000000022c60000] [id=13928]
  0x000000001bff7800 ConcurrentGCThread "G1 Marker#1" [stack: 0x0000000022da0000,0x0000000022ea0000] [id=4256]
  0x00000000002c8800 ConcurrentGCThread "G1 Refine#0" [stack: 0x000000001d9e0000,0x000000001dae0000] [id=16056]
  0x00000000002c7800 ConcurrentGCThread "G1 Refine#1" [stack: 0x000000001d2d0000,0x000000001d3d0000] [id=2044]
  0x00000000002c4800 ConcurrentGCThread "G1 Refine#2" [stack: 0x000000001d880000,0x000000001d980000] [id=8296]
  0x00000000002c3800 ConcurrentGCThread "G1 Refine#3" [stack: 0x000000001d630000,0x000000001d730000] [id=3600]
  0x00000000002c2800 ConcurrentGCThread "G1 Refine#4" [stack: 0x000000001d730000,0x000000001d830000] [id=7460]
  0x00000000002bb800 ConcurrentGCThread "G1 Refine#5" [stack: 0x000000001d520000,0x000000001d620000] [id=14476]
  0x00000000002ba800 ConcurrentGCThread "G1 Refine#6" [stack: 0x000000001d3d0000,0x000000001d4d0000] [id=10692]
  0x00000000002b7800 ConcurrentGCThread "G1 Refine#7" [stack: 0x000000001d1c0000,0x000000001d2c0000] [id=8844]
  0x00000000002c9800 ConcurrentGCThread "G1 Young RemSet Sampling" [stack: 0x000000001daf0000,0x000000001dbf0000] [id=11232]

Threads with active compile tasks:
C1 CompilerThread32850       2       org.apache.maven.model.io.xpp3.MavenXpp3Reader::parseDependency (468 bytes)
C2 CompilerThread22602   !   4       org.codehaus.plexus.interpolation.StringSearchInterpolator::interpolate (650 bytes)
C2 CompilerThread12736       4       org.eclipse.sisu.plexus.RealmFilteredBeans$FilteredItr::hasNext (81 bytes)
C2 CompilerThread02763   !   4       org.eclipse.sisu.inject.RankedBindings$Itr::hasNext (107 bytes)

VM state:not at safepoint (normal execution)

VM Mutex/Monitor currently owned by a thread: None

Heap address: 0x0000000081a00000, size: 2022 MB, Compressed Oops mode: 32-bit
Narrow klass base: 0x0000000000000000, Narrow klass shift: 0
Compressed class space size: 1073741824 Address: 0x0000000025610000

Heap:
 garbage-first heap   total 131072K, used 50636K [0x0000000081a00000, 0x0000000081b00400, 0x0000000100000000)
  region size 1024K, 44 young (45056K), 10 survivors (10240K)
 Metaspace       used 20545K, capacity 21052K, committed 21296K, reserved 1069056K
  class space    used 2196K, capacity 2308K, committed 2432K, reserved 1048576K
Heap Regions: E=young(eden), S=young(survivor), O=old, HS=humongous(starts), HC=humongous(continues), CS=collection set, F=free, A=archive, TS=gc time stamp, AC=allocation context, TAMS=top-at-mark-start (previous, next)
|   0|0x0000000081a00000, 0x0000000081b00000, 0x0000000081b00000|100%| O|  |TS  1|AC  0|TAMS 0x0000000081a00000, 0x0000000081a00000|
|   1|0x0000000081b00000, 0x0000000081c00000, 0x0000000081c00000|100%| O|  |TS  1|AC  0|TAMS 0x0000000081b00000, 0x0000000081b00000|
|   2|0x0000000081c00000, 0x0000000081d00000, 0x0000000081d00000|100%| O|  |TS  3|AC  0|TAMS 0x0000000081c00000, 0x0000000081c00000|
|   3|0x0000000081d00000, 0x0000000081e00000, 0x0000000081e00000|100%| O|  |TS  3|AC  0|TAMS 0x0000000081d00000, 0x0000000081d00000|
|   4|0x0000000081e00000, 0x0000000081f00000, 0x0000000081f00000|100%| O|  |TS  3|AC  0|TAMS 0x0000000081e00000, 0x0000000081e00000|
|   5|0x0000000081f00000, 0x0000000082000000, 0x0000000082000000|100%| O|  |TS  3|AC  0|TAMS 0x0000000081f00000, 0x0000000081f00000|
|   6|0x0000000082000000, 0x0000000082073000, 0x0000000082100000| 44%| O|  |TS  3|AC  0|TAMS 0x0000000082000000, 0x0000000082000000|
|   7|0x0000000082100000, 0x0000000082100000, 0x0000000082200000|  0%| F|  |TS  0|AC  0|TAMS 0x0000000082100000, 0x0000000082100000|
|   8|0x0000000082200000, 0x0000000082200000, 0x0000000082300000|  0%| F|  |TS  0|AC  0|TAMS 0x0000000082200000, 0x0000000082200000|
|   9|0x0000000082300000, 0x0000000082300000, 0x0000000082400000|  0%| F|  |TS  0|AC  0|TAMS 0x0000000082300000, 0x0000000082300000|
|  10|0x0000000082400000, 0x0000000082400000, 0x0000000082500000|  0%| F|  |TS  0|AC  0|TAMS 0x0000000082400000, 0x0000000082400000|
|  11|0x0000000082500000, 0x0000000082500000, 0x0000000082600000|  0%| F|  |TS  0|AC  0|TAMS 0x0000000082500000, 0x0000000082500000|
|  12|0x0000000082600000, 0x0000000082600000, 0x0000000082700000|  0%| F|  |TS  0|AC  0|TAMS 0x0000000082600000, 0x0000000082600000|
|  13|0x0000000082700000, 0x0000000082700000, 0x0000000082800000|  0%| F|  |TS  0|AC  0|TAMS 0x0000000082700000, 0x0000000082700000|
|  14|0x0000000082800000, 0x0000000082800000, 0x0000000082900000|  0%| F|  |TS  0|AC  0|TAMS 0x0000000082800000, 0x0000000082800000|
|  15|0x0000000082900000, 0x0000000082900000, 0x0000000082a00000|  0%| F|  |TS  0|AC  0|TAMS 0x0000000082900000, 0x0000000082900000|
|  16|0x0000000082a00000, 0x0000000082a00000, 0x0000000082b00000|  0%| F|  |TS  0|AC  0|TAMS 0x0000000082a00000, 0x0000000082a00000|
|  17|0x0000000082b00000, 0x0000000082b00000, 0x0000000082c00000|  0%| F|  |TS  0|AC  0|TAMS 0x0000000082b00000, 0x0000000082b00000|
|  18|0x0000000082c00000, 0x0000000082c00000, 0x0000000082d00000|  0%| F|  |TS  0|AC  0|TAMS 0x0000000082c00000, 0x0000000082c00000|
|  19|0x0000000082d00000, 0x0000000082d00000, 0x0000000082e00000|  0%| F|  |TS  0|AC  0|TAMS 0x0000000082d00000, 0x0000000082d00000|
|  20|0x0000000082e00000, 0x0000000082e00000, 0x0000000082f00000|  0%| F|  |TS  0|AC  0|TAMS 0x0000000082e00000, 0x0000000082e00000|
|  21|0x0000000082f00000, 0x0000000082f00000, 0x0000000083000000|  0%| F|  |TS  0|AC  0|TAMS 0x0000000082f00000, 0x0000000082f00000|
|  22|0x0000000083000000, 0x0000000083000000, 0x0000000083100000|  0%| F|  |TS  0|AC  0|TAMS 0x0000000083000000, 0x0000000083000000|
|  23|0x0000000083100000, 0x0000000083100000, 0x0000000083200000|  0%| F|  |TS  0|AC  0|TAMS 0x0000000083100000, 0x0000000083100000|
|  24|0x0000000083200000, 0x0000000083200000, 0x0000000083300000|  0%| F|  |TS  0|AC  0|TAMS 0x0000000083200000, 0x0000000083200000|
|  25|0x0000000083300000, 0x0000000083300000, 0x0000000083400000|  0%| F|  |TS  0|AC  0|TAMS 0x0000000083300000, 0x0000000083300000|
|  26|0x0000000083400000, 0x0000000083400000, 0x0000000083500000|  0%| F|  |TS  0|AC  0|TAMS 0x0000000083400000, 0x0000000083400000|
|  27|0x0000000083500000, 0x0000000083500000, 0x0000000083600000|  0%| F|  |TS  0|AC  0|TAMS 0x0000000083500000, 0x0000000083500000|
|  28|0x0000000083600000, 0x0000000083600000, 0x0000000083700000|  0%| F|  |TS  0|AC  0|TAMS 0x0000000083600000, 0x0000000083600000|
|  29|0x0000000083700000, 0x0000000083700000, 0x0000000083800000|  0%| F|  |TS  0|AC  0|TAMS 0x0000000083700000, 0x0000000083700000|
|  30|0x0000000083800000, 0x0000000083800000, 0x0000000083900000|  0%| F|  |TS  0|AC  0|TAMS 0x0000000083800000, 0x0000000083800000|
|  31|0x0000000083900000, 0x0000000083900000, 0x0000000083a00000|  0%| F|  |TS  0|AC  0|TAMS 0x0000000083900000, 0x0000000083900000|
|  32|0x0000000083a00000, 0x0000000083a00000, 0x0000000083b00000|  0%| F|  |TS  0|AC  0|TAMS 0x0000000083a00000, 0x0000000083a00000|
|  33|0x0000000083b00000, 0x0000000083b00000, 0x0000000083c00000|  0%| F|  |TS  0|AC  0|TAMS 0x0000000083b00000, 0x0000000083b00000|
|  34|0x0000000083c00000, 0x0000000083c00000, 0x0000000083d00000|  0%| F|  |TS  0|AC  0|TAMS 0x0000000083c00000, 0x0000000083c00000|
|  35|0x0000000083d00000, 0x0000000083d00000, 0x0000000083e00000|  0%| F|  |TS  0|AC  0|TAMS 0x0000000083d00000, 0x0000000083d00000|
|  36|0x0000000083e00000, 0x0000000083e00000, 0x0000000083f00000|  0%| F|  |TS  0|AC  0|TAMS 0x0000000083e00000, 0x0000000083e00000|
|  37|0x0000000083f00000, 0x0000000083f00000, 0x0000000084000000|  0%| F|  |TS  0|AC  0|TAMS 0x0000000083f00000, 0x0000000083f00000|
|  38|0x0000000084000000, 0x0000000084000000, 0x0000000084100000|  0%| F|  |TS  0|AC  0|TAMS 0x0000000084000000, 0x0000000084000000|
|  39|0x0000000084100000, 0x0000000084100000, 0x0000000084200000|  0%| F|  |TS  0|AC  0|TAMS 0x0000000084100000, 0x0000000084100000|
|  40|0x0000000084200000, 0x0000000084200000, 0x0000000084300000|  0%| F|  |TS  0|AC  0|TAMS 0x0000000084200000, 0x0000000084200000|
|  41|0x0000000084300000, 0x0000000084300000, 0x0000000084400000|  0%| F|  |TS  0|AC  0|TAMS 0x0000000084300000, 0x0000000084300000|
|  42|0x0000000084400000, 0x0000000084500000, 0x0000000084500000|100%| S|CS|TS  3|AC  0|TAMS 0x0000000084400000, 0x0000000084400000|
|  43|0x0000000084500000, 0x0000000084600000, 0x0000000084600000|100%| S|CS|TS  3|AC  0|TAMS 0x0000000084500000, 0x0000000084500000|
|  44|0x0000000084600000, 0x0000000084700000, 0x0000000084700000|100%| S|CS|TS  3|AC  0|TAMS 0x0000000084600000, 0x0000000084600000|
|  45|0x0000000084700000, 0x0000000084800000, 0x0000000084800000|100%| S|CS|TS  3|AC  0|TAMS 0x0000000084700000, 0x0000000084700000|
|  46|0x0000000084800000, 0x0000000084900000, 0x0000000084900000|100%| S|CS|TS  3|AC  0|TAMS 0x0000000084800000, 0x0000000084800000|
|  47|0x0000000084900000, 0x0000000084a00000, 0x0000000084a00000|100%| S|CS|TS  3|AC  0|TAMS 0x0000000084900000, 0x0000000084900000|
|  48|0x0000000084a00000, 0x0000000084b00000, 0x0000000084b00000|100%| S|CS|TS  3|AC  0|TAMS 0x0000000084a00000, 0x0000000084a00000|
|  49|0x0000000084b00000, 0x0000000084c00000, 0x0000000084c00000|100%| S|CS|TS  3|AC  0|TAMS 0x0000000084b00000, 0x0000000084b00000|
|  50|0x0000000084c00000, 0x0000000084d00000, 0x0000000084d00000|100%| S|CS|TS  3|AC  0|TAMS 0x0000000084c00000, 0x0000000084c00000|
|  51|0x0000000084d00000, 0x0000000084e00000, 0x0000000084e00000|100%| S|CS|TS  3|AC  0|TAMS 0x0000000084d00000, 0x0000000084d00000|
|  52|0x0000000084e00000, 0x0000000084e00000, 0x0000000084f00000|  0%| F|  |TS  3|AC  0|TAMS 0x0000000084e00000, 0x0000000084e00000|
|  53|0x0000000084f00000, 0x0000000084f00000, 0x0000000085000000|  0%| F|  |TS  3|AC  0|TAMS 0x0000000084f00000, 0x0000000084f00000|
|  54|0x0000000085000000, 0x0000000085000000, 0x0000000085100000|  0%| F|  |TS  3|AC  0|TAMS 0x0000000085000000, 0x0000000085000000|
|  55|0x0000000085100000, 0x0000000085100000, 0x0000000085200000|  0%| F|  |TS  3|AC  0|TAMS 0x0000000085100000, 0x0000000085100000|
|  56|0x0000000085200000, 0x0000000085200000, 0x0000000085300000|  0%| F|  |TS  3|AC  0|TAMS 0x0000000085200000, 0x0000000085200000|
|  57|0x0000000085300000, 0x0000000085300000, 0x0000000085400000|  0%| F|  |TS  3|AC  0|TAMS 0x0000000085300000, 0x0000000085300000|
|  58|0x0000000085400000, 0x0000000085400000, 0x0000000085500000|  0%| F|  |TS  3|AC  0|TAMS 0x0000000085400000, 0x0000000085400000|
|  59|0x0000000085500000, 0x0000000085500000, 0x0000000085600000|  0%| F|  |TS  3|AC  0|TAMS 0x0000000085500000, 0x0000000085500000|
|  60|0x0000000085600000, 0x0000000085600000, 0x0000000085700000|  0%| F|  |TS  3|AC  0|TAMS 0x0000000085600000, 0x0000000085600000|
|  61|0x0000000085700000, 0x0000000085700000, 0x0000000085800000|  0%| F|  |TS  3|AC  0|TAMS 0x0000000085700000, 0x0000000085700000|
|  62|0x0000000085800000, 0x0000000085800000, 0x0000000085900000|  0%| F|  |TS  3|AC  0|TAMS 0x0000000085800000, 0x0000000085800000|
|  63|0x0000000085900000, 0x0000000085900000, 0x0000000085a00000|  0%| F|  |TS  3|AC  0|TAMS 0x0000000085900000, 0x0000000085900000|
|  64|0x0000000085a00000, 0x0000000085a00000, 0x0000000085b00000|  0%| F|  |TS  3|AC  0|TAMS 0x0000000085a00000, 0x0000000085a00000|
|  65|0x0000000085b00000, 0x0000000085b00000, 0x0000000085c00000|  0%| F|  |TS  3|AC  0|TAMS 0x0000000085b00000, 0x0000000085b00000|
|  66|0x0000000085c00000, 0x0000000085c00000, 0x0000000085d00000|  0%| F|  |TS  3|AC  0|TAMS 0x0000000085c00000, 0x0000000085c00000|
|  67|0x0000000085d00000, 0x0000000085d00000, 0x0000000085e00000|  0%| F|  |TS  3|AC  0|TAMS 0x0000000085d00000, 0x0000000085d00000|
|  68|0x0000000085e00000, 0x0000000085e00000, 0x0000000085f00000|  0%| F|  |TS  3|AC  0|TAMS 0x0000000085e00000, 0x0000000085e00000|
|  69|0x0000000085f00000, 0x0000000085f00000, 0x0000000086000000|  0%| F|  |TS  3|AC  0|TAMS 0x0000000085f00000, 0x0000000085f00000|
|  70|0x0000000086000000, 0x0000000086000000, 0x0000000086100000|  0%| F|  |TS  3|AC  0|TAMS 0x0000000086000000, 0x0000000086000000|
|  71|0x0000000086100000, 0x0000000086100000, 0x0000000086200000|  0%| F|  |TS  3|AC  0|TAMS 0x0000000086100000, 0x0000000086100000|
|  72|0x0000000086200000, 0x0000000086200000, 0x0000000086300000|  0%| F|  |TS  3|AC  0|TAMS 0x0000000086200000, 0x0000000086200000|
|  73|0x0000000086300000, 0x0000000086300000, 0x0000000086400000|  0%| F|  |TS  3|AC  0|TAMS 0x0000000086300000, 0x0000000086300000|
|  74|0x0000000086400000, 0x0000000086400000, 0x0000000086500000|  0%| F|  |TS  3|AC  0|TAMS 0x0000000086400000, 0x0000000086400000|
|  75|0x0000000086500000, 0x0000000086500000, 0x0000000086600000|  0%| F|  |TS  3|AC  0|TAMS 0x0000000086500000, 0x0000000086500000|
|  76|0x0000000086600000, 0x0000000086600000, 0x0000000086700000|  0%| F|  |TS  3|AC  0|TAMS 0x0000000086600000, 0x0000000086600000|
|  77|0x0000000086700000, 0x0000000086700000, 0x0000000086800000|  0%| F|  |TS  3|AC  0|TAMS 0x0000000086700000, 0x0000000086700000|
|  78|0x0000000086800000, 0x0000000086800000, 0x0000000086900000|  0%| F|  |TS  3|AC  0|TAMS 0x0000000086800000, 0x0000000086800000|
|  79|0x0000000086900000, 0x0000000086900000, 0x0000000086a00000|  0%| F|  |TS  3|AC  0|TAMS 0x0000000086900000, 0x0000000086900000|
|  80|0x0000000086a00000, 0x0000000086a00000, 0x0000000086b00000|  0%| F|  |TS  3|AC  0|TAMS 0x0000000086a00000, 0x0000000086a00000|
|  81|0x0000000086b00000, 0x0000000086b00000, 0x0000000086c00000|  0%| F|  |TS  3|AC  0|TAMS 0x0000000086b00000, 0x0000000086b00000|
|  82|0x0000000086c00000, 0x0000000086c00000, 0x0000000086d00000|  0%| F|  |TS  3|AC  0|TAMS 0x0000000086c00000, 0x0000000086c00000|
|  83|0x0000000086d00000, 0x0000000086d00000, 0x0000000086e00000|  0%| F|  |TS  3|AC  0|TAMS 0x0000000086d00000, 0x0000000086d00000|
|  84|0x0000000086e00000, 0x0000000086e00000, 0x0000000086f00000|  0%| F|  |TS  3|AC  0|TAMS 0x0000000086e00000, 0x0000000086e00000|
|  85|0x0000000086f00000, 0x0000000086f00000, 0x0000000087000000|  0%| F|  |TS  3|AC  0|TAMS 0x0000000086f00000, 0x0000000086f00000|
|  86|0x0000000087000000, 0x0000000087000000, 0x0000000087100000|  0%| F|  |TS  3|AC  0|TAMS 0x0000000087000000, 0x0000000087000000|
|  87|0x0000000087100000, 0x0000000087100000, 0x0000000087200000|  0%| F|  |TS  3|AC  0|TAMS 0x0000000087100000, 0x0000000087100000|
|  88|0x0000000087200000, 0x0000000087200000, 0x0000000087300000|  0%| F|  |TS  3|AC  0|TAMS 0x0000000087200000, 0x0000000087200000|
|  89|0x0000000087300000, 0x0000000087300000, 0x0000000087400000|  0%| F|  |TS  3|AC  0|TAMS 0x0000000087300000, 0x0000000087300000|
|  90|0x0000000087400000, 0x0000000087400000, 0x0000000087500000|  0%| F|  |TS  3|AC  0|TAMS 0x0000000087400000, 0x0000000087400000|
|  91|0x0000000087500000, 0x0000000087500000, 0x0000000087600000|  0%| F|  |TS  3|AC  0|TAMS 0x0000000087500000, 0x0000000087500000|
|  92|0x0000000087600000, 0x0000000087600000, 0x0000000087700000|  0%| F|  |TS  3|AC  0|TAMS 0x0000000087600000, 0x0000000087600000|
|  93|0x0000000087700000, 0x0000000087700000, 0x0000000087800000|  0%| F|  |TS  3|AC  0|TAMS 0x0000000087700000, 0x0000000087700000|
|  94|0x0000000087800000, 0x0000000087900000, 0x0000000087900000|100%| E|  |TS  3|AC  0|TAMS 0x0000000087800000, 0x0000000087800000|
|  95|0x0000000087900000, 0x0000000087a00000, 0x0000000087a00000|100%| E|CS|TS  3|AC  0|TAMS 0x0000000087900000, 0x0000000087900000|
|  96|0x0000000087a00000, 0x0000000087b00000, 0x0000000087b00000|100%| E|CS|TS  3|AC  0|TAMS 0x0000000087a00000, 0x0000000087a00000|
|  97|0x0000000087b00000, 0x0000000087c00000, 0x0000000087c00000|100%| E|CS|TS  3|AC  0|TAMS 0x0000000087b00000, 0x0000000087b00000|
|  98|0x0000000087c00000, 0x0000000087d00000, 0x0000000087d00000|100%| E|CS|TS  3|AC  0|TAMS 0x0000000087c00000, 0x0000000087c00000|
|  99|0x0000000087d00000, 0x0000000087e00000, 0x0000000087e00000|100%| E|CS|TS  3|AC  0|TAMS 0x0000000087d00000, 0x0000000087d00000|
| 100|0x0000000087e00000, 0x0000000087f00000, 0x0000000087f00000|100%| E|CS|TS  3|AC  0|TAMS 0x0000000087e00000, 0x0000000087e00000|
| 101|0x0000000087f00000, 0x0000000088000000, 0x0000000088000000|100%| E|CS|TS  3|AC  0|TAMS 0x0000000087f00000, 0x0000000087f00000|
| 102|0x0000000088000000, 0x0000000088100000, 0x0000000088100000|100%| E|CS|TS  3|AC  0|TAMS 0x0000000088000000, 0x0000000088000000|
| 103|0x0000000088100000, 0x0000000088200000, 0x0000000088200000|100%| E|CS|TS  3|AC  0|TAMS 0x0000000088100000, 0x0000000088100000|
| 104|0x0000000088200000, 0x0000000088300000, 0x0000000088300000|100%| E|CS|TS  3|AC  0|TAMS 0x0000000088200000, 0x0000000088200000|
| 105|0x0000000088300000, 0x0000000088400000, 0x0000000088400000|100%| E|CS|TS  3|AC  0|TAMS 0x0000000088300000, 0x0000000088300000|
| 106|0x0000000088400000, 0x0000000088500000, 0x0000000088500000|100%| E|CS|TS  3|AC  0|TAMS 0x0000000088400000, 0x0000000088400000|
| 107|0x0000000088500000, 0x0000000088600000, 0x0000000088600000|100%| E|CS|TS  3|AC  0|TAMS 0x0000000088500000, 0x0000000088500000|
| 108|0x0000000088600000, 0x0000000088700000, 0x0000000088700000|100%| E|CS|TS  3|AC  0|TAMS 0x0000000088600000, 0x0000000088600000|
| 109|0x0000000088700000, 0x0000000088800000, 0x0000000088800000|100%| E|CS|TS  3|AC  0|TAMS 0x0000000088700000, 0x0000000088700000|
| 110|0x0000000088800000, 0x0000000088900000, 0x0000000088900000|100%| E|CS|TS  3|AC  0|TAMS 0x0000000088800000, 0x0000000088800000|
| 111|0x0000000088900000, 0x0000000088a00000, 0x0000000088a00000|100%| E|CS|TS  3|AC  0|TAMS 0x0000000088900000, 0x0000000088900000|
| 112|0x0000000088a00000, 0x0000000088b00000, 0x0000000088b00000|100%| E|CS|TS  3|AC  0|TAMS 0x0000000088a00000, 0x0000000088a00000|
| 113|0x0000000088b00000, 0x0000000088c00000, 0x0000000088c00000|100%| E|CS|TS  3|AC  0|TAMS 0x0000000088b00000, 0x0000000088b00000|
| 114|0x0000000088c00000, 0x0000000088d00000, 0x0000000088d00000|100%| E|CS|TS  3|AC  0|TAMS 0x0000000088c00000, 0x0000000088c00000|
| 115|0x0000000088d00000, 0x0000000088e00000, 0x0000000088e00000|100%| E|CS|TS  3|AC  0|TAMS 0x0000000088d00000, 0x0000000088d00000|
| 116|0x0000000088e00000, 0x0000000088f00000, 0x0000000088f00000|100%| E|CS|TS  3|AC  0|TAMS 0x0000000088e00000, 0x0000000088e00000|
| 117|0x0000000088f00000, 0x0000000089000000, 0x0000000089000000|100%| E|CS|TS  3|AC  0|TAMS 0x0000000088f00000, 0x0000000088f00000|
| 118|0x0000000089000000, 0x0000000089100000, 0x0000000089100000|100%| E|CS|TS  3|AC  0|TAMS 0x0000000089000000, 0x0000000089000000|
| 119|0x0000000089100000, 0x0000000089200000, 0x0000000089200000|100%| E|CS|TS  3|AC  0|TAMS 0x0000000089100000, 0x0000000089100000|
| 120|0x0000000089200000, 0x0000000089300000, 0x0000000089300000|100%| E|CS|TS  3|AC  0|TAMS 0x0000000089200000, 0x0000000089200000|
| 121|0x0000000089300000, 0x0000000089400000, 0x0000000089400000|100%| E|CS|TS  3|AC  0|TAMS 0x0000000089300000, 0x0000000089300000|
| 122|0x0000000089400000, 0x0000000089500000, 0x0000000089500000|100%| E|CS|TS  3|AC  0|TAMS 0x0000000089400000, 0x0000000089400000|
| 123|0x0000000089500000, 0x0000000089600000, 0x0000000089600000|100%| E|CS|TS  3|AC  0|TAMS 0x0000000089500000, 0x0000000089500000|
| 124|0x0000000089600000, 0x0000000089700000, 0x0000000089700000|100%| E|CS|TS  3|AC  0|TAMS 0x0000000089600000, 0x0000000089600000|
| 125|0x0000000089700000, 0x0000000089800000, 0x0000000089800000|100%| E|CS|TS  3|AC  0|TAMS 0x0000000089700000, 0x0000000089700000|
| 126|0x0000000089800000, 0x0000000089900000, 0x0000000089900000|100%| E|CS|TS  3|AC  0|TAMS 0x0000000089800000, 0x0000000089800000|
| 127|0x0000000089900000, 0x0000000089a00000, 0x0000000089a00000|100%| E|CS|TS  3|AC  0|TAMS 0x0000000089900000, 0x0000000089900000|

Card table byte_map: [0x000000001e3f0000,0x000000001e7f0000] byte_map_base: 0x000000001dfe3000

Marking Bits (Prev, Next): (CMBitMap*) 0x00000000002df8f0, (CMBitMap*) 0x00000000002df928
 Prev Bits: [0x000000001ebf0000, 0x0000000020b88000)
 Next Bits: [0x0000000020b90000, 0x0000000022b28000)

Polling page: 0x0000000000080000

CodeHeap 'non-profiled nmethods': size=120000Kb used=1469Kb max_used=1469Kb free=118530Kb
 bounds [0x0000000014730000, 0x00000000149a0000, 0x000000001bc60000]
CodeHeap 'profiled nmethods': size=120000Kb used=6501Kb max_used=6501Kb free=113499Kb
 bounds [0x000000000d200000, 0x000000000d860000, 0x0000000014730000]
CodeHeap 'non-nmethods': size=5760Kb used=1245Kb max_used=1282Kb free=4514Kb
 bounds [0x000000000cc60000, 0x000000000ced0000, 0x000000000d200000]
 total_blobs=3927 nmethods=2823 adapters=333
 compilation: enabled

Compilation events (10 events):
Event: 2.673 Thread 0x0000000065fb9000 2820       2       com.google.common.cache.LocalCache$Segment::recordWrite (72 bytes)
Event: 2.673 Thread 0x0000000065fb9000 nmethod 2820 0x000000000d853810 code [0x000000000d853a00, 0x000000000d853d68]
Event: 2.673 Thread 0x0000000065fb9000 2821       2       com.google.common.cache.LocalCache$LoadingValueReference::notifyNewValue (21 bytes)
Event: 2.673 Thread 0x0000000065fb9000 nmethod 2821 0x000000000d853f10 code [0x000000000d8540c0, 0x000000000d8542a8]
Event: 2.673 Thread 0x0000000065fb9000 2822       2       com.google.common.cache.LocalCache$Segment::evictEntries (106 bytes)
Event: 2.674 Thread 0x0000000065fb9000 nmethod 2822 0x000000000d854390 code [0x000000000d8545e0, 0x000000000d854bf8]
Event: 2.722 Thread 0x0000000065fa8000 nmethod 2721 0x0000000014898710 code [0x0000000014898b40, 0x000000001489cea8]
Event: 2.722 Thread 0x0000000065fa8000 2791       4       java.util.IdentityHashMap::get (60 bytes)
Event: 2.724 Thread 0x0000000065fa8000 nmethod 2791 0x000000001489ee10 code [0x000000001489efc0, 0x000000001489f1c8]
Event: 2.724 Thread 0x0000000065fa8000 2763   !   4       org.eclipse.sisu.inject.RankedBindings$Itr::hasNext (107 bytes)

GC Heap History (4 events):
Event: 1.008 GC heap before
{Heap before GC invocations=0 (full 0):
 garbage-first heap   total 131072K, used 24576K [0x0000000081a00000, 0x0000000081b00400, 0x0000000100000000)
  region size 1024K, 24 young (24576K), 0 survivors (0K)
 Metaspace       used 11708K, capacity 12034K, committed 12288K, reserved 1060864K
  class space    used 1148K, capacity 1205K, committed 1280K, reserved 1048576K
}
Event: 1.025 GC heap after
{Heap after GC invocations=1 (full 0):
 garbage-first heap   total 131072K, used 5586K [0x0000000081a00000, 0x0000000081b00400, 0x0000000100000000)
  region size 1024K, 3 young (3072K), 3 survivors (3072K)
 Metaspace       used 11708K, capacity 12034K, committed 12288K, reserved 1060864K
  class space    used 1148K, capacity 1205K, committed 1280K, reserved 1048576K
}
Event: 2.297 GC heap before
{Heap before GC invocations=1 (full 0):
 garbage-first heap   total 131072K, used 80338K [0x0000000081a00000, 0x0000000081b00400, 0x0000000100000000)
  region size 1024K, 76 young (77824K), 3 survivors (3072K)
 Metaspace       used 20053K, capacity 20486K, committed 20736K, reserved 1067008K
  class space    used 2175K, capacity 2273K, committed 2304K, reserved 1048576K
}
Event: 2.311 GC heap after
{Heap after GC invocations=2 (full 0):
 garbage-first heap   total 131072K, used 16844K [0x0000000081a00000, 0x0000000081b00400, 0x0000000100000000)
  region size 1024K, 10 young (10240K), 10 survivors (10240K)
 Metaspace       used 20053K, capacity 20486K, committed 20736K, reserved 1067008K
  class space    used 2175K, capacity 2273K, committed 2304K, reserved 1048576K
}

Deoptimization events (10 events):
Event: 2.079 Thread 0x0000000000280800 Uncommon trap: reason=unstable_if action=reinterpret pc=0x0000000014835a6c method=java.lang.StringLatin1.trim([B)Ljava/lang/String; @ 60 c2
Event: 2.274 Thread 0x0000000000280800 Uncommon trap: reason=unstable_if action=reinterpret pc=0x0000000014813c08 method=org.codehaus.plexus.util.xml.pull.MXParser.nextImpl()I @ 879 c2
Event: 2.351 Thread 0x0000000000280800 Uncommon trap: reason=unstable_if action=reinterpret pc=0x000000001483515c method=java.lang.StringLatin1.trim([B)Ljava/lang/String; @ 60 c2
Event: 2.375 Thread 0x0000000000280800 Uncommon trap: reason=unstable_if action=reinterpret pc=0x00000000147cd0a8 method=java.lang.StringDecoderUTF8.decode([BIILjava/lang/StringCoding$Result;)Ljava/lang/StringCoding$Result; @ 130 c2
Event: 2.416 Thread 0x0000000000280800 Uncommon trap: reason=unstable_if action=reinterpret pc=0x000000001485ff40 method=org.codehaus.plexus.util.xml.pull.MXParser.nextImpl()I @ 310 c2
Event: 2.440 Thread 0x0000000000280800 Uncommon trap: reason=unstable_if action=reinterpret pc=0x00000000147d8f4c method=java.lang.String.regionMatches(ZILjava/lang/String;II)Z @ 21 c2
Event: 2.493 Thread 0x0000000000280800 Uncommon trap: reason=bimorphic_or_optimized_type_check action=maybe_recompile pc=0x000000001485b47c method=java.util.regex.Pattern$BmpCharPropertyGreedy.match(Ljava/util/regex/Matcher;ILjava/lang/CharSequence;)Z @ 26 c2
Event: 2.550 Thread 0x0000000000280800 Uncommon trap: reason=bimorphic_or_optimized_type_check action=maybe_recompile pc=0x000000001485b47c method=java.util.regex.Pattern$BmpCharPropertyGreedy.match(Ljava/util/regex/Matcher;ILjava/lang/CharSequence;)Z @ 26 c2
Event: 2.574 Thread 0x0000000000280800 Uncommon trap: reason=bimorphic_or_optimized_type_check action=maybe_recompile pc=0x000000001485b47c method=java.util.regex.Pattern$BmpCharPropertyGreedy.match(Ljava/util/regex/Matcher;ILjava/lang/CharSequence;)Z @ 26 c2
Event: 2.577 Thread 0x0000000000280800 Uncommon trap: reason=bimorphic_or_optimized_type_check action=maybe_recompile pc=0x000000001485b47c method=java.util.regex.Pattern$BmpCharPropertyGreedy.match(Ljava/util/regex/Matcher;ILjava/lang/CharSequence;)Z @ 26 c2

Classes redefined (0 events):
No events

Internal exceptions (10 events):
Event: 0.688 Thread 0x0000000000280800 Exception <a 'java/lang/NoSuchMethodError'{0x000000008901e438}: java.lang.invoke.DirectMethodHandle$Holder.invokeStaticInit(Ljava/lang/Object;Ljava/lang/Object;IIII)Ljava/lang/Object;> (0x000000008901e438) thrown at [t:/workspace/hotspot/src/share/vm/inte
Event: 0.816 Thread 0x0000000000280800 Exception <a 'java/lang/NoSuchMethodError'{0x0000000088b012e8}: java.lang.Object.lambda$union$1(Ljava/util/regex/Pattern$CharPredicate;I)Z> (0x0000000088b012e8) thrown at [t:/workspace/hotspot/src/share/vm/interpreter/linkResolver.cpp, line 731]
Event: 1.089 Thread 0x0000000000280800 Exception <a 'java/lang/NoSuchMethodError'{0x0000000089620930}: java.lang.invoke.DirectMethodHandle$Holder.invokeInterface(Ljava/lang/Object;Ljava/lang/Object;Ljava/lang/Object;)I> (0x0000000089620930) thrown at [t:/workspace/hotspot/src/share/vm/interpre
Event: 1.090 Thread 0x0000000000280800 Exception <a 'java/lang/NoSuchMethodError'{0x00000000896323e8}: java.lang.invoke.DirectMethodHandle$Holder.invokeStatic(Ljava/lang/Object;Ljava/lang/Object;)I> (0x00000000896323e8) thrown at [t:/workspace/hotspot/src/share/vm/interpreter/linkResolver.cpp,
Event: 1.092 Thread 0x0000000000280800 Exception <a 'java/lang/NoSuchMethodError'{0x0000000089641b40}: java.lang.Object.of([Ljava/lang/Object;)Ljava/util/stream/Stream;> (0x0000000089641b40) thrown at [t:/workspace/hotspot/src/share/vm/interpreter/linkResolver.cpp, line 731]
Event: 1.692 Thread 0x0000000000280800 Exception <a 'java/lang/NoClassDefFoundError'{0x0000000086239930}: com/google/inject/servlet/ServletModuleTargetVisitor> (0x0000000086239930) thrown at [t:/workspace/hotspot/src/share/vm/classfile/systemDictionary.cpp, line 207]
Event: 1.692 Thread 0x0000000000280800 Exception <a 'java/lang/NoClassDefFoundError'{0x0000000086239930}> (0x0000000086239930) thrown at [t:/workspace/hotspot/src/share/vm/prims/jvm.cpp, line 1314]
Event: 1.692 Thread 0x0000000000280800 Exception <a 'java/lang/NoClassDefFoundError'{0x000000008623e080}: javax/annotation/Priority> (0x000000008623e080) thrown at [t:/workspace/hotspot/src/share/vm/classfile/systemDictionary.cpp, line 207]
Event: 1.890 Thread 0x0000000000280800 Implicit null exception at 0x0000000014767ae4 to 0x0000000014767fc5
Event: 1.890 Thread 0x0000000000280800 Implicit null exception at 0x000000001475cae4 to 0x000000001475cfb1

Events (10 events):
Event: 2.662 loading class org/apache/maven/lifecycle/internal/LifecycleTask
Event: 2.662 loading class org/apache/maven/lifecycle/internal/LifecycleTask done
Event: 2.667 loading class org/apache/maven/lifecycle/internal/CompoundProjectExecutionListener
Event: 2.667 loading class org/apache/maven/lifecycle/internal/CompoundProjectExecutionListener done
Event: 2.667 loading class org/apache/maven/execution/ProjectExecutionEvent
Event: 2.667 loading class org/apache/maven/execution/ProjectExecutionEvent done
Event: 2.670 loading class org/apache/maven/lifecycle/internal/GoalTask
Event: 2.670 loading class org/apache/maven/lifecycle/internal/GoalTask done
Event: 2.670 loading class org/apache/maven/plugin/DefaultPluginDescriptorCache$CacheKey
Event: 2.670 loading class org/apache/maven/plugin/DefaultPluginDescriptorCache$CacheKey done


Dynamic libraries:
0x000000013fe40000 - 0x000000013fe7e000 	D:\java\bin\java.exe
0x0000000076d90000 - 0x0000000076f2f000 	C:\Windows\SYSTEM32\ntdll.dll
0x0000000076b70000 - 0x0000000076c8f000 	C:\Windows\system32\kernel32.dll
0x000007fefcbf0000 - 0x000007fefcc5a000 	C:\Windows\system32\KERNELBASE.dll
0x000007fefda50000 - 0x000007fefdb2b000 	C:\Windows\system32\ADVAPI32.dll
0x000007fefe000000 - 0x000007fefe09f000 	C:\Windows\system32\msvcrt.dll
0x000007fefdb30000 - 0x000007fefdb4f000 	C:\Windows\SYSTEM32\sechost.dll
0x000007fefd640000 - 0x000007fefd76d000 	C:\Windows\system32\RPCRT4.dll
0x0000000076c90000 - 0x0000000076d8a000 	C:\Windows\system32\USER32.dll
0x000007fefd5d0000 - 0x000007fefd637000 	C:\Windows\system32\GDI32.dll
0x000007feff070000 - 0x000007feff07e000 	C:\Windows\system32\LPK.dll
0x000007fefd0f0000 - 0x000007fefd1bb000 	C:\Windows\system32\USP10.dll
0x000007fefb480000 - 0x000007fefb674000 	C:\Windows\WinSxS\amd64_microsoft.windows.common-controls_6595b64144ccf1df_6.0.7601.23403_none_e36ad4593102f066\COMCTL32.dll
0x000007fefddd0000 - 0x000007fefde41000 	C:\Windows\system32\SHLWAPI.dll
0x000007fefbb40000 - 0x000007fefbb4c000 	C:\Windows\system32\VERSION.dll
0x000007fefd5a0000 - 0x000007fefd5ce000 	C:\Windows\system32\IMM32.DLL
0x000007fefde50000 - 0x000007fefdf59000 	C:\Windows\system32\MSCTF.dll
0x000007fedb810000 - 0x000007fedb8ff000 	D:\java\bin\msvcr120.dll
0x000007fee9b60000 - 0x000007fee9c06000 	D:\java\bin\msvcp120.dll
0x00000000775d0000 - 0x0000000077ff5000 	D:\java\bin\server\jvm.dll
0x000007fefb110000 - 0x000007fefb119000 	C:\Windows\system32\WSOCK32.dll
0x000007fefdce0000 - 0x000007fefdd2d000 	C:\Windows\system32\WS2_32.dll
0x000007fefd260000 - 0x000007fefd268000 	C:\Windows\system32\NSI.dll
0x000007fefa9f0000 - 0x000007fefaa2b000 	C:\Windows\system32\WINMM.dll
0x0000000076f40000 - 0x0000000076f47000 	C:\Windows\system32\PSAPI.DLL
0x000007fefa190000 - 0x000007fefa19f000 	D:\java\bin\verify.dll
0x000007fef9d80000 - 0x000007fef9da7000 	D:\java\bin\java.dll
0x000007feeaef0000 - 0x000007feeaf1a000 	D:\java\bin\instrument.dll
0x000007fef9dc0000 - 0x000007fef9dd6000 	D:\java\bin\zip.dll
0x000007fefa1b0000 - 0x000007fefa1ba000 	D:\java\bin\jimage.dll
0x000007fefe100000 - 0x000007fefee8a000 	C:\Windows\system32\SHELL32.dll
0x000007fefd850000 - 0x000007fefda4c000 	C:\Windows\system32\ole32.dll
0x000007fefca60000 - 0x000007fefca6f000 	C:\Windows\system32\profapi.dll
0x000007fef9ce0000 - 0x000007fef9cfa000 	D:\java\bin\net.dll
0x000007fef94c0000 - 0x000007fef9531000 	C:\Windows\system32\WINHTTP.dll
0x000007fef9300000 - 0x000007fef9365000 	C:\Windows\system32\webio.dll
0x000007fefc1f0000 - 0x000007fefc245000 	C:\Windows\system32\mswsock.dll
0x000007fefc1e0000 - 0x000007fefc1e7000 	C:\Windows\System32\wship6.dll
0x000007fef76c0000 - 0x000007fef76d1000 	D:\java\bin\nio.dll
0x000007fef7600000 - 0x000007fef761a000 	D:\develop_install\idea\IntelliJ IDEA 2017.2.5\bin\breakgen64.dll
0x000007fefc250000 - 0x000007fefc268000 	C:\Windows\system32\CRYPTSP.dll
0x000007fefbf50000 - 0x000007fefbf97000 	C:\Windows\system32\rsaenh.dll
0x000007fefcdf0000 - 0x000007fefce0f000 	C:\Windows\system32\USERENV.dll
0x000007fefc8c0000 - 0x000007fefc8cf000 	C:\Windows\system32\CRYPTBASE.dll
0x000007fefa580000 - 0x000007fefa5a7000 	C:\Windows\system32\IPHLPAPI.DLL
0x000007fefa560000 - 0x000007fefa56b000 	C:\Windows\system32\WINNSI.DLL
0x000007fefa100000 - 0x000007fefa111000 	C:\Windows\system32\dhcpcsvc6.DLL
0x000007fefa220000 - 0x000007fefa238000 	C:\Windows\system32\dhcpcsvc.DLL
0x000007fef7c30000 - 0x000007fef7c3a000 	C:\Users\pc\AppData\Local\Temp\jansi-1.17-16249945426922002090.dll
0x000007fef75d0000 - 0x000007fef75da000 	C:\Users\pc\AppData\Local\Temp\jansi-1.17-13776173303482991145.dll

VM Arguments:
jvm_args: -Dmaven.multiModuleProjectDirectory=F:\data\javaProject\j4sc\j4sc-gateway-server -Dmaven.home=D:\develop_tool\apache-maven-3.5.3 -Dclassworlds.conf=D:\develop_tool\apache-maven-3.5.3\bin\m2.conf -javaagent:D:\develop_install\idea\IntelliJ IDEA 2017.2.5\lib\idea_rt.jar=61937:D:\develop_install\idea\IntelliJ IDEA 2017.2.5\bin -Dfile.encoding=UTF-8 
java_command: org.codehaus.classworlds.Launcher -Didea.version=2017.2.6 -s D:\develop_tool\apache-maven-3.5.3\conf\settings.xml clean
java_class_path (initial): D:\develop_tool\apache-maven-3.5.3\boot\plexus-classworlds-2.5.2.jar
Launcher Type: SUN_STANDARD

Logging:
Log output configuration:
#0: stdout all=warning uptime,level,tags
#1: stderr all=off uptime,level,tags

Environment Variables:
JAVA_HOME=D:\java
PATH=C:\ProgramData\Oracle\Java\javapath;C:\Windows\system32;C:\Windows;C:\Windows\System32\Wbem;C:\Windows\System32\WindowsPowerShell\v1.0\;D:\develop_install\nodejs\;C:\Windows\system32;D:\develop_tool\apache-maven-3.5.3\bin;C:\Users\pc\AppData\Roaming\npm;D:\java\bin;D:\java\jre\bin;C:\Users\pc\AppData\Local\atom\bin
USERNAME=pc
OS=Windows_NT
PROCESSOR_IDENTIFIER=Intel64 Family 6 Model 158 Stepping 9, GenuineIntel



---------------  S Y S T E M  ---------------

OS: Windows 7 , 64 bit Build 7601 (6.1.7601.24094)

CPU:total 8 (initial active 8) (4 cores per cpu, 2 threads per core) family 6 model 158 stepping 9, cmov, cx8, fxsr, mmx, sse, sse2, sse3, ssse3, sse4.1, sse4.2, popcnt, avx, avx2, aes, clmul, erms, rtm, 3dnowpref, lzcnt, ht, tsc, tscinvbit, bmi1, bmi2, adx, fma

Memory: 4k page, physical 8277952k(236516k free), swap 16664684k(5116k free)

vm_info: Java HotSpot(TM) 64-Bit Server VM (9.0.4+11) for windows-amd64 JRE (9.0.4+11), built on Dec 20 2017 02:18:54 by "mach5one" with MS VC++ 12.0 (VS2013)

END.
